[INFO] Scanning for projects...
[INFO] ------------------------------------------------------------------------
[INFO] Reactor Build Order:
[INFO] 
[INFO] Sakai Nakamura Project
[INFO] Sakai Nakamura :: Utilities
[INFO] Sakai Nakamura :: Test Utilities
[INFO] Sakai Nakamura :: Memory Bundle
[INFO] Sakai Nakamura :: Tika Bundle
[INFO] Sakai Nakamura :: Server Extension Bundle
[INFO] Sakai Nakamura :: Sling Resource Extension Bundle
[INFO] Sakai Nakamura :: Documentation Support bundle
[INFO] Sakai Nakamura :: proxy service
[INFO] Sakai Nakamura :: Jetty Configuration
[INFO] Sakai Nakamura :: ActiveMQ Bundle
[INFO] Sakai Nakamura :: Sakai Cluster Tracking
[INFO] Sakai Nakamura :: Trusted Authentication Bundle
[INFO] Sakai Nakamura :: Form Auth Bundle
[INFO] Sakai Nakamura :: User Extension Bundle
[INFO] Sakai Nakamura :: Security Loader Bundle
[INFO] Sakai Nakamura :: JCR Bundle
[INFO] Sakai Nakamura :: Http Bundle
[INFO] Sakai Nakamura :: Personal Space Bundle
[INFO] Sakai Nakamura :: Profile Bundle
[INFO] Sakai Nakamura :: Templates Bundle
[INFO] Sakai Nakamura :: Search Support Bundle
[INFO] Sakai Nakamura :: Locking Bundle
[INFO] Sakai Nakamura :: Connections Management Bundle
[INFO] Sakai Nakamura :: Version Extension Bundle
[INFO] Sakai Nakamura :: JAXP API Bundle
[INFO] Sakai Nakamura :: Files Bundle
[INFO] Sakai Nakamura :: Presence Bundle
[INFO] Sakai Nakamura :: Messaging Bundle
[INFO] Sakai Nakamura :: Me Service Bundle
[INFO] Sakai Nakamura :: image service
[INFO] Sakai Nakamura :: Discussion Management Bundle
[INFO] Sakai Nakamura :: SMTP Server
[INFO] Sakai Nakamura :: OSGi-to-JMS Events Bridge Bundle
[INFO] Sakai Nakamura :: Batch Bundle
[INFO] Sakai Nakamura :: Javax Activation and Mail Bundle
[INFO] Sakai Nakamura :: Outgoing Email Sender
[INFO] Sakai Nakamura :: Apache Commons HTTPClient bundle
[INFO] Sakai Nakamura :: Activity Bundle
[INFO] Sakai Nakamura :: Chat services bundle
[INFO] Sakai Nakamura :: Document Proxy
[INFO] Sakai Nakamura :: Google Collections
[INFO] Sakai Nakamura :: Woodstox/StAX
[INFO] Sakai Nakamura :: Calendar based events bundle
[INFO] Sakai Nakamura :: Authorization Bundle
[INFO] Sakai Nakamura :: Basic LTI Consumer bundle
[INFO] Sakai Nakamura :: Captcha Bundle
[INFO] Sakai Nakamura :: Pages Structured Content
[INFO] Sakai Nakamura :: Model Directory
[INFO] Sakai Nakamura :: World Support
[INFO] Sakai Nakamura :: Test Scripts
[INFO] Sakai Nakamura :: Launchpad Standalone Java Application
[INFO]                                                                         
[INFO] ------------------------------------------------------------------------
[INFO] Building Sakai Nakamura Project 1.0.0
[INFO] ------------------------------------------------------------------------
[INFO] 
[INFO] --- maven-clean-plugin:2.4.1:clean (default-clean) @ base ---
[INFO] 
[INFO] >>> maven-source-plugin:2.0.4:jar (attach-sources) @ base >>>
[INFO] 
[INFO] <<< maven-source-plugin:2.0.4:jar (attach-sources) @ base <<<
[INFO] 
[INFO] --- maven-source-plugin:2.0.4:jar (attach-sources) @ base ---
[INFO] 
[INFO] --- ianal-maven-plugin:1.0-alpha-1:verify-legal-files (default) @ base ---
[INFO] 
[INFO] --- maven-install-plugin:2.3:install (default-install) @ base ---
[INFO] Installing /Users/zach/dev/zathomas-open-experiments/pom.xml to /Users/zach/.m2/repository/org/sakaiproject/nakamura/base/1.0.0/base-1.0.0.pom
[INFO]                                                                         
[INFO] ------------------------------------------------------------------------
[INFO] Building Sakai Nakamura :: Utilities 1.0.0
[INFO] ------------------------------------------------------------------------
[INFO] 
[INFO] --- maven-clean-plugin:2.4.1:clean (default-clean) @ org.sakaiproject.nakamura.utils ---
[INFO] Deleting /Users/zach/dev/zathomas-open-experiments/libraries/utils/target
[INFO] 
[INFO] --- maven-resources-plugin:2.4.1:resources (default-resources) @ org.sakaiproject.nakamura.utils ---
[INFO] Using 'UTF-8' encoding to copy filtered resources.
[INFO] Copying 2 resources
[INFO] 
[INFO] --- maven-compiler-plugin:2.0.2:compile (default-compile) @ org.sakaiproject.nakamura.utils ---
[INFO] Compiling 34 source files to /Users/zach/dev/zathomas-open-experiments/libraries/utils/target/classes
[INFO] 
[INFO] --- maven-scr-plugin:1.7.0:scr (generate-scr-scrdescriptor) @ org.sakaiproject.nakamura.utils ---
[INFO] 
[INFO] --- maven-resources-plugin:2.4.1:testResources (default-testResources) @ org.sakaiproject.nakamura.utils ---
[INFO] Using 'UTF-8' encoding to copy filtered resources.
[INFO] Copying 2 resources
[INFO] 
[INFO] --- maven-compiler-plugin:2.0.2:testCompile (default-testCompile) @ org.sakaiproject.nakamura.utils ---
[INFO] Compiling 21 source files to /Users/zach/dev/zathomas-open-experiments/libraries/utils/target/test-classes
[INFO] 
[INFO] --- maven-surefire-plugin:2.5:test (default-test) @ org.sakaiproject.nakamura.utils ---
[INFO] Surefire report directory: /Users/zach/dev/zathomas-open-experiments/libraries/utils/target/surefire-reports

-------------------------------------------------------
 T E S T S
-------------------------------------------------------
Running org.sakaiproject.nakamura.util.MapUtilsTest
Tests run: 1, Failures: 0, Errors: 0, Skipped: 0, Time elapsed: 0.068 sec
Running org.sakaiproject.nakamura.util.RowUtilsTest
Tests run: 7, Failures: 0, Errors: 0, Skipped: 0, Time elapsed: 0.122 sec
Running org.sakaiproject.nakamura.util.PathUtilsTest
Tests run: 15, Failures: 0, Errors: 0, Skipped: 0, Time elapsed: 0.137 sec
Running org.sakaiproject.nakamura.util.parameters.ContainerRequestParameterTest
Tests run: 3, Failures: 0, Errors: 0, Skipped: 0, Time elapsed: 0.021 sec
Running org.sakaiproject.nakamura.util.XmlUtilsTest
Tests run: 1, Failures: 0, Errors: 0, Skipped: 0, Time elapsed: 0.031 sec
Running org.sakaiproject.nakamura.util.PersonalUtilsTest
Tests run: 6, Failures: 0, Errors: 0, Skipped: 0, Time elapsed: 0.059 sec
Running org.sakaiproject.nakamura.util.parameters.UtilTest
Tests run: 3, Failures: 0, Errors: 0, Skipped: 0, Time elapsed: 0.023 sec
Running org.sakaiproject.nakamura.util.StringUtilsTest
Tests run: 11, Failures: 0, Errors: 0, Skipped: 0, Time elapsed: 0.586 sec
Running org.sakaiproject.nakamura.util.ResponseWrapperTest
Tests run: 1, Failures: 0, Errors: 0, Skipped: 0, Time elapsed: 0.089 sec
Running org.sakaiproject.nakamura.util.RequestWrapperTest
Tests run: 1, Failures: 0, Errors: 0, Skipped: 0, Time elapsed: 0.074 sec
Running org.sakaiproject.nakamura.util.ISO8601DateTest
Tests run: 2, Failures: 0, Errors: 0, Skipped: 0, Time elapsed: 0.433 sec
Running org.sakaiproject.nakamura.util.parameters.ParameterMapTest
Tests run: 5, Failures: 0, Errors: 0, Skipped: 0, Time elapsed: 0.015 sec
Running org.sakaiproject.nakamura.util.ArrayUtilsTest
Tests run: 1, Failures: 0, Errors: 0, Skipped: 0, Time elapsed: 0.005 sec
Running org.sakaiproject.nakamura.util.EventUtilsTest
Tests run: 1, Failures: 0, Errors: 0, Skipped: 0, Time elapsed: 0.018 sec
Running org.sakaiproject.nakamura.util.RequestInfoTest
Tests run: 2, Failures: 0, Errors: 0, Skipped: 0, Time elapsed: 0.021 sec
Running org.sakaiproject.nakamura.util.DateUtilsTest
Tests run: 3, Failures: 0, Errors: 0, Skipped: 0, Time elapsed: 0.038 sec
Running org.sakaiproject.nakamura.util.MultiValueInputStreamTest
Tests run: 2, Failures: 0, Errors: 0, Skipped: 0, Time elapsed: 0.029 sec
Running org.sakaiproject.nakamura.util.ExtendedJSONWriterTest
Tests run: 7, Failures: 0, Errors: 0, Skipped: 0, Time elapsed: 0.068 sec
Running org.sakaiproject.nakamura.util.JcrUtilsTest
Tests run: 12, Failures: 0, Errors: 0, Skipped: 0, Time elapsed: 0.033 sec
Running org.sakaiproject.nakamura.util.IOUtilsTest
Tests run: 2, Failures: 0, Errors: 0, Skipped: 0, Time elapsed: 0.008 sec
Running org.sakaiproject.nakamura.util.UrlEnumerationTest
Tests run: 1, Failures: 0, Errors: 0, Skipped: 0, Time elapsed: 0.01 sec

Results :

Tests run: 87, Failures: 0, Errors: 0, Skipped: 0

[INFO] 
[INFO] --- maven-bundle-plugin:2.0.1:bundle (default-bundle) @ org.sakaiproject.nakamura.utils ---
[INFO] 
[INFO] >>> maven-source-plugin:2.0.4:jar (attach-sources) @ org.sakaiproject.nakamura.utils >>>
[INFO] 
[INFO] <<< maven-source-plugin:2.0.4:jar (attach-sources) @ org.sakaiproject.nakamura.utils <<<
[INFO] 
[INFO] --- maven-source-plugin:2.0.4:jar (attach-sources) @ org.sakaiproject.nakamura.utils ---
[INFO] Building jar: /Users/zach/dev/zathomas-open-experiments/libraries/utils/target/org.sakaiproject.nakamura.utils-1.0.0-sources.jar
[INFO] 
[INFO] --- ianal-maven-plugin:1.0-alpha-1:verify-legal-files (default) @ org.sakaiproject.nakamura.utils ---
[INFO] Checking legal files in: org.sakaiproject.nakamura.utils-1.0.0.jar
[INFO] Checking legal files in: org.sakaiproject.nakamura.utils-1.0.0-sources.jar
[WARNING] Artifact does not contain any legal files: org.sakaiproject.nakamura.utils-1.0.0-sources.jar
[INFO] 
[INFO] --- maven-install-plugin:2.3:install (default-install) @ org.sakaiproject.nakamura.utils ---
[INFO] Installing /Users/zach/dev/zathomas-open-experiments/libraries/utils/target/org.sakaiproject.nakamura.utils-1.0.0.jar to /Users/zach/.m2/repository/org/sakaiproject/nakamura/org.sakaiproject.nakamura.utils/1.0.0/org.sakaiproject.nakamura.utils-1.0.0.jar
[INFO] Installing /Users/zach/dev/zathomas-open-experiments/libraries/utils/pom.xml to /Users/zach/.m2/repository/org/sakaiproject/nakamura/org.sakaiproject.nakamura.utils/1.0.0/org.sakaiproject.nakamura.utils-1.0.0.pom
[INFO] Installing /Users/zach/dev/zathomas-open-experiments/libraries/utils/target/org.sakaiproject.nakamura.utils-1.0.0-sources.jar to /Users/zach/.m2/repository/org/sakaiproject/nakamura/org.sakaiproject.nakamura.utils/1.0.0/org.sakaiproject.nakamura.utils-1.0.0-sources.jar
[INFO] 
[INFO] --- maven-bundle-plugin:2.0.1:install (default-install) @ org.sakaiproject.nakamura.utils ---
[INFO] Parsing file:/Users/zach/.m2/repository/repository.xml
[INFO] Installing org/sakaiproject/nakamura/org.sakaiproject.nakamura.utils/1.0.0/org.sakaiproject.nakamura.utils-1.0.0.jar
[INFO] Writing OBR metadata
[INFO]                                                                         
[INFO] ------------------------------------------------------------------------
[INFO] Building Sakai Nakamura :: Test Utilities 1.0.0
[INFO] ------------------------------------------------------------------------
[INFO] 
[INFO] --- maven-clean-plugin:2.4.1:clean (default-clean) @ org.sakaiproject.nakamura.testutils ---
[INFO] Deleting /Users/zach/dev/zathomas-open-experiments/libraries/testutils/target
[INFO] 
[INFO] --- maven-resources-plugin:2.4.1:resources (default-resources) @ org.sakaiproject.nakamura.testutils ---
[INFO] Using 'UTF-8' encoding to copy filtered resources.
[INFO] Copying 4 resources
[INFO] 
[INFO] --- maven-compiler-plugin:2.0.2:compile (default-compile) @ org.sakaiproject.nakamura.testutils ---
[INFO] Compiling 9 source files to /Users/zach/dev/zathomas-open-experiments/libraries/testutils/target/classes
[INFO] 
[INFO] --- maven-resources-plugin:2.4.1:testResources (default-testResources) @ org.sakaiproject.nakamura.testutils ---
[INFO] Using 'UTF-8' encoding to copy filtered resources.
[INFO] skip non existing resourceDirectory /Users/zach/dev/zathomas-open-experiments/libraries/testutils/src/test/resources
[INFO] 
[INFO] --- maven-compiler-plugin:2.0.2:testCompile (default-testCompile) @ org.sakaiproject.nakamura.testutils ---
[INFO] No sources to compile
[INFO] 
[INFO] --- maven-surefire-plugin:2.5:test (default-test) @ org.sakaiproject.nakamura.testutils ---
[INFO] No tests to run.
[INFO] 
[INFO] --- maven-jar-plugin:2.1:jar (default-jar) @ org.sakaiproject.nakamura.testutils ---
[INFO] Building jar: /Users/zach/dev/zathomas-open-experiments/libraries/testutils/target/org.sakaiproject.nakamura.testutils-1.0.0.jar
[INFO] 
[INFO] >>> maven-source-plugin:2.0.4:jar (attach-sources) @ org.sakaiproject.nakamura.testutils >>>
[INFO] 
[INFO] <<< maven-source-plugin:2.0.4:jar (attach-sources) @ org.sakaiproject.nakamura.testutils <<<
[INFO] 
[INFO] --- maven-source-plugin:2.0.4:jar (attach-sources) @ org.sakaiproject.nakamura.testutils ---
[INFO] Building jar: /Users/zach/dev/zathomas-open-experiments/libraries/testutils/target/org.sakaiproject.nakamura.testutils-1.0.0-sources.jar
[INFO] 
[INFO] --- ianal-maven-plugin:1.0-alpha-1:verify-legal-files (default) @ org.sakaiproject.nakamura.testutils ---
[INFO] Checking legal files in: org.sakaiproject.nakamura.testutils-1.0.0.jar
[INFO] Checking legal files in: org.sakaiproject.nakamura.testutils-1.0.0-sources.jar
[WARNING] Artifact does not contain any legal files: org.sakaiproject.nakamura.testutils-1.0.0-sources.jar
[INFO] 
[INFO] --- maven-install-plugin:2.3:install (default-install) @ org.sakaiproject.nakamura.testutils ---
[INFO] Installing /Users/zach/dev/zathomas-open-experiments/libraries/testutils/target/org.sakaiproject.nakamura.testutils-1.0.0.jar to /Users/zach/.m2/repository/org/sakaiproject/nakamura/org.sakaiproject.nakamura.testutils/1.0.0/org.sakaiproject.nakamura.testutils-1.0.0.jar
[INFO] Installing /Users/zach/dev/zathomas-open-experiments/libraries/testutils/pom.xml to /Users/zach/.m2/repository/org/sakaiproject/nakamura/org.sakaiproject.nakamura.testutils/1.0.0/org.sakaiproject.nakamura.testutils-1.0.0.pom
[INFO] Installing /Users/zach/dev/zathomas-open-experiments/libraries/testutils/target/org.sakaiproject.nakamura.testutils-1.0.0-sources.jar to /Users/zach/.m2/repository/org/sakaiproject/nakamura/org.sakaiproject.nakamura.testutils/1.0.0/org.sakaiproject.nakamura.testutils-1.0.0-sources.jar
[INFO]                                                                         
[INFO] ------------------------------------------------------------------------
[INFO] Building Sakai Nakamura :: Memory Bundle 1.0.0
[INFO] ------------------------------------------------------------------------
[INFO] 
[INFO] --- maven-clean-plugin:2.4.1:clean (default-clean) @ org.sakaiproject.nakamura.memory ---
[INFO] Deleting /Users/zach/dev/zathomas-open-experiments/bundles/memory/target
[INFO] 
[INFO] --- maven-dependency-plugin:2.1:copy-dependencies (embed-dependencies) @ org.sakaiproject.nakamura.memory ---
[INFO] Copying backport-util-concurrent-3.1.jar to /Users/zach/dev/zathomas-open-experiments/bundles/memory/target/classes/backport-util-concurrent-3.1.jar
[INFO] Copying ehcache-1.5.0.jar to /Users/zach/dev/zathomas-open-experiments/bundles/memory/target/classes/ehcache-1.5.0.jar
[INFO] Copying jsr107cache-1.0.jar to /Users/zach/dev/zathomas-open-experiments/bundles/memory/target/classes/jsr107cache-1.0.jar
[INFO] 
[INFO] --- maven-resources-plugin:2.4.1:resources (default-resources) @ org.sakaiproject.nakamura.memory ---
[INFO] Using 'UTF-8' encoding to copy filtered resources.
[INFO] Copying 3 resources
[INFO] 
[INFO] --- maven-compiler-plugin:2.0.2:compile (default-compile) @ org.sakaiproject.nakamura.memory ---
[INFO] Compiling 10 source files to /Users/zach/dev/zathomas-open-experiments/bundles/memory/target/classes
[INFO] 
[INFO] --- maven-scr-plugin:1.7.0:scr (generate-scr-scrdescriptor) @ org.sakaiproject.nakamura.memory ---
[INFO] Generating 2 MetaType Descriptors to /Users/zach/dev/zathomas-open-experiments/bundles/memory/target/scr-plugin-generated/OSGI-INF/metatype/metatype.xml
[INFO] Writing abstract service descriptor /Users/zach/dev/zathomas-open-experiments/bundles/memory/target/scr-plugin-generated/OSGI-INF/scr-plugin/scrinfo.xml with 2 entries.
[INFO] Generating 2 Service Component Descriptors to /Users/zach/dev/zathomas-open-experiments/bundles/memory/target/scr-plugin-generated/OSGI-INF/serviceComponents.xml
[INFO] 
[INFO] --- maven-resources-plugin:2.4.1:testResources (default-testResources) @ org.sakaiproject.nakamura.memory ---
[INFO] Using 'UTF-8' encoding to copy filtered resources.
[INFO] Copying 1 resource
[INFO] 
[INFO] --- maven-compiler-plugin:2.0.2:testCompile (default-testCompile) @ org.sakaiproject.nakamura.memory ---
[INFO] Compiling 1 source file to /Users/zach/dev/zathomas-open-experiments/bundles/memory/target/test-classes
[INFO] 
[INFO] --- maven-surefire-plugin:2.5:test (default-test) @ org.sakaiproject.nakamura.memory ---
[INFO] Surefire report directory: /Users/zach/dev/zathomas-open-experiments/bundles/memory/target/surefire-reports

-------------------------------------------------------
 T E S T S
-------------------------------------------------------
Running org.sakaiproject.nakamura.osgi.memory.TestCache
Tests run: 4, Failures: 0, Errors: 0, Skipped: 0, Time elapsed: 0.375 sec

Results :

Tests run: 4, Failures: 0, Errors: 0, Skipped: 0

[INFO] 
[INFO] --- maven-bundle-plugin:2.0.1:bundle (default-bundle) @ org.sakaiproject.nakamura.memory ---
[INFO] 
[INFO] >>> maven-source-plugin:2.0.4:jar (attach-sources) @ org.sakaiproject.nakamura.memory >>>
[INFO] 
[INFO] <<< maven-source-plugin:2.0.4:jar (attach-sources) @ org.sakaiproject.nakamura.memory <<<
[INFO] 
[INFO] --- maven-source-plugin:2.0.4:jar (attach-sources) @ org.sakaiproject.nakamura.memory ---
[INFO] Building jar: /Users/zach/dev/zathomas-open-experiments/bundles/memory/target/org.sakaiproject.nakamura.memory-1.0.0-sources.jar
[INFO] 
[INFO] --- ianal-maven-plugin:1.0-alpha-1:verify-legal-files (default) @ org.sakaiproject.nakamura.memory ---
[INFO] Checking legal files in: org.sakaiproject.nakamura.memory-1.0.0.jar
[INFO] Checking legal files in: org.sakaiproject.nakamura.memory-1.0.0-sources.jar
[WARNING] Artifact does not contain any legal files: org.sakaiproject.nakamura.memory-1.0.0-sources.jar
[INFO] 
[INFO] --- maven-install-plugin:2.3:install (default-install) @ org.sakaiproject.nakamura.memory ---
[INFO] Installing /Users/zach/dev/zathomas-open-experiments/bundles/memory/target/org.sakaiproject.nakamura.memory-1.0.0.jar to /Users/zach/.m2/repository/org/sakaiproject/nakamura/org.sakaiproject.nakamura.memory/1.0.0/org.sakaiproject.nakamura.memory-1.0.0.jar
[INFO] Installing /Users/zach/dev/zathomas-open-experiments/bundles/memory/pom.xml to /Users/zach/.m2/repository/org/sakaiproject/nakamura/org.sakaiproject.nakamura.memory/1.0.0/org.sakaiproject.nakamura.memory-1.0.0.pom
[INFO] Installing /Users/zach/dev/zathomas-open-experiments/bundles/memory/target/org.sakaiproject.nakamura.memory-1.0.0-sources.jar to /Users/zach/.m2/repository/org/sakaiproject/nakamura/org.sakaiproject.nakamura.memory/1.0.0/org.sakaiproject.nakamura.memory-1.0.0-sources.jar
[INFO] 
[INFO] --- maven-bundle-plugin:2.0.1:install (default-install) @ org.sakaiproject.nakamura.memory ---
[INFO] Parsing file:/Users/zach/.m2/repository/repository.xml
[INFO] Installing org/sakaiproject/nakamura/org.sakaiproject.nakamura.memory/1.0.0/org.sakaiproject.nakamura.memory-1.0.0.jar
[INFO] Writing OBR metadata
[INFO]
[INFO] ------------------------------------------------------------------------
[INFO] Building Sakai Nakamura :: Tika Bundle 0.9-1.0
[INFO] ------------------------------------------------------------------------
[INFO]
[INFO] --- maven-clean-plugin:2.4.1:clean (default-clean) @ org.sakaiproject.nakamura.tika ---
[INFO] Deleting /Users/zach/dev/zathomas-open-experiments/bundles/tika/target
[INFO]
[INFO] --- maven-dependency-plugin:2.1:unpack-dependencies (Expand Server) @ org.sakaiproject.nakamura.tika ---
[INFO] Unpacking /Users/zach/.m2/repository/org/apache/tika/tika-core/0.9/tika-core-0.9.jar to
  /Users/zach/dev/zathomas-open-experiments/bundles/tika/target/classes
   with includes null and excludes:META-INF/MANIFEST.MF,org/apache/tika/mime/tika-mimetypes.xml,org/apache/tika/tika-config.xml
[INFO] Unpacking /Users/zach/.m2/repository/org/apache/tika/tika-parsers/0.9/tika-parsers-0.9.jar to
  /Users/zach/dev/zathomas-open-experiments/bundles/tika/target/classes
   with includes null and excludes:META-INF/MANIFEST.MF,org/apache/tika/mime/tika-mimetypes.xml,org/apache/tika/tika-config.xml
[INFO]
[INFO] --- maven-resources-plugin:2.4.1:resources (default-resources) @ org.sakaiproject.nakamura.tika ---
[INFO] Using 'UTF-8' encoding to copy filtered resources.
[INFO] Copying 3 resources
[INFO]
[INFO] --- maven-compiler-plugin:2.0.2:compile (default-compile) @ org.sakaiproject.nakamura.tika ---
[INFO] Compiling 2 source files to /Users/zach/dev/zathomas-open-experiments/bundles/tika/target/classes
[INFO]
[INFO] --- maven-scr-plugin:1.7.0:scr (generate-scr-scrdescriptor) @ org.sakaiproject.nakamura.tika ---
[INFO] Writing abstract service descriptor /Users/zach/dev/zathomas-open-experiments/bundles/tika/target/scr-plugin-generated/OSGI-INF/scr-plugin/scrinfo.xml with 1 entries.
[INFO] Generating 1 Service Component Descriptors to /Users/zach/dev/zathomas-open-experiments/bundles/tika/target/scr-plugin-generated/OSGI-INF/serviceComponents.xml
[INFO]
[INFO] --- maven-resources-plugin:2.4.1:testResources (default-testResources) @ org.sakaiproject.nakamura.tika ---
[INFO] Using 'UTF-8' encoding to copy filtered resources.
[INFO] skip non existing resourceDirectory /Users/zach/dev/zathomas-open-experiments/bundles/tika/src/test/resources
[INFO]
[INFO] --- maven-compiler-plugin:2.0.2:testCompile (default-testCompile) @ org.sakaiproject.nakamura.tika ---
[INFO] No sources to compile
[INFO]
[INFO] --- maven-surefire-plugin:2.5:test (default-test) @ org.sakaiproject.nakamura.tika ---
[INFO] No tests to run.
[INFO]
[INFO] --- maven-bundle-plugin:2.0.1:bundle (default-bundle) @ org.sakaiproject.nakamura.tika ---
[INFO]
[INFO] >>> maven-source-plugin:2.0.4:jar (attach-sources) @ org.sakaiproject.nakamura.tika >>>
[INFO]
[INFO] <<< maven-source-plugin:2.0.4:jar (attach-sources) @ org.sakaiproject.nakamura.tika <<<
[INFO]
[INFO] --- maven-source-plugin:2.0.4:jar (attach-sources) @ org.sakaiproject.nakamura.tika ---
[INFO] Building jar: /Users/zach/dev/zathomas-open-experiments/bundles/tika/target/org.sakaiproject.nakamura.tika-0.9-1.0-sources.jar
[INFO]
[INFO] --- ianal-maven-plugin:1.0-alpha-1:verify-legal-files (default) @ org.sakaiproject.nakamura.tika ---
[INFO] Checking legal files in: org.sakaiproject.nakamura.tika-0.9-1.0.jar
[WARNING] Artifact does not contain any legal files: org.sakaiproject.nakamura.tika-0.9-1.0.jar
[INFO] Checking legal files in: org.sakaiproject.nakamura.tika-0.9-1.0-sources.jar
[WARNING] Artifact does not contain any legal files: org.sakaiproject.nakamura.tika-0.9-1.0-sources.jar
[INFO]
[INFO] --- maven-install-plugin:2.3:install (default-install) @ org.sakaiproject.nakamura.tika ---
[INFO] Installing /Users/zach/dev/zathomas-open-experiments/bundles/tika/target/org.sakaiproject.nakamura.tika-0.9-1.0.jar to /Users/zach/.m2/repository/org/sakaiproject/nakamura/org.sakaiproject.nakamura.tika/0.9-1.0/org.sakaiproject.nakamura.tika-0.9-1.0.jar
[INFO] Installing /Users/zach/dev/zathomas-open-experiments/bundles/tika/pom.xml to /Users/zach/.m2/repository/org/sakaiproject/nakamura/org.sakaiproject.nakamura.tika/0.9-1.0/org.sakaiproject.nakamura.tika-0.9-1.0.pom
[INFO] Installing /Users/zach/dev/zathomas-open-experiments/bundles/tika/target/org.sakaiproject.nakamura.tika-0.9-1.0-sources.jar to /Users/zach/.m2/repository/org/sakaiproject/nakamura/org.sakaiproject.nakamura.tika/0.9-1.0/org.sakaiproject.nakamura.tika-0.9-1.0-sources.jar
[INFO]
[INFO] --- maven-bundle-plugin:2.0.1:install (default-install) @ org.sakaiproject.nakamura.tika ---
[INFO] Parsing file:/Users/zach/.m2/repository/repository.xml
[INFO] Installing org/sakaiproject/nakamura/org.sakaiproject.nakamura.tika/0.9-1.0/org.sakaiproject.nakamura.tika-0.9-1.0.jar
[INFO] Writing OBR metadata
[INFO]
[INFO] ------------------------------------------------------------------------
[INFO] Building Sakai Nakamura :: Server Extension Bundle 2.1.0-1.0
[INFO] ------------------------------------------------------------------------
[INFO]
[INFO] --- maven-clean-plugin:2.4.1:clean (default-clean) @ org.apache.sling.jcr.jackrabbit.server ---
[INFO] Deleting /Users/zach/dev/zathomas-open-experiments/bundles/server/target
[INFO]
[INFO] --- maven-dependency-plugin:2.1:unpack-dependencies (Expand Jackrabbit Core Server) @ org.apache.sling.jcr.jackrabbit.server ---
[INFO] Unpacking /Users/zach/.m2/repository/org/apache/jackrabbit/jackrabbit-core/2.1.1/jackrabbit-core-2.1.1.jar to
  /Users/zach/dev/zathomas-open-experiments/bundles/server/target/classes
   with includes null and excludes:META-INF/MANIFEST.MF,org/apache/jackrabbit/core/security/authorization/AccessControlProviderFactoryImpl.class
[INFO]
[INFO] --- maven-dependency-plugin:2.1:unpack-dependencies (Expand Server) @ org.apache.sling.jcr.jackrabbit.server ---
[INFO] Unpacking /Users/zach/.m2/repository/org/apache/sling/org.apache.sling.jcr.jackrabbit.server/2.1.0/org.apache.sling.jcr.jackrabbit.server-2.1.0.jar to
  /Users/zach/dev/zathomas-open-experiments/bundles/server/target/classes
   with includes null and excludes:META-INF/MANIFEST.MF,repository.xml,OSGI-INF/serviceComponents.xml
[INFO]
[INFO] --- maven-resources-plugin:2.4.1:resources (default-resources) @ org.apache.sling.jcr.jackrabbit.server ---
[INFO] Using 'UTF-8' encoding to copy filtered resources.
[INFO] Copying 5 resources
[INFO]
[INFO] --- maven-compiler-plugin:2.0.2:compile (default-compile) @ org.apache.sling.jcr.jackrabbit.server ---
[INFO] Compiling 19 source files to /Users/zach/dev/zathomas-open-experiments/bundles/server/target/classes
[INFO]
[INFO] --- maven-scr-plugin:1.7.0:scr (generate-scr-scrdescriptor) @ org.apache.sling.jcr.jackrabbit.server ---
[INFO]
[INFO] --- maven-resources-plugin:2.4.1:testResources (default-testResources) @ org.apache.sling.jcr.jackrabbit.server ---
[INFO] Using 'UTF-8' encoding to copy filtered resources.
[INFO] Copying 1 resource
[INFO]
[INFO] --- maven-compiler-plugin:2.0.2:testCompile (default-testCompile) @ org.apache.sling.jcr.jackrabbit.server ---
[INFO] Compiling 2 source files to /Users/zach/dev/zathomas-open-experiments/bundles/server/target/test-classes
[INFO]
[INFO] --- maven-surefire-plugin:2.5:test (default-test) @ org.apache.sling.jcr.jackrabbit.server ---
[INFO] Surefire report directory: /Users/zach/dev/zathomas-open-experiments/bundles/server/target/surefire-reports

-------------------------------------------------------
 T E S T S
-------------------------------------------------------
Running org.apache.sling.jcr.jackrabbit.server.impl.security.dynamic.RepositoryBaseTest
Tests run: 4, Failures: 0, Errors: 0, Skipped: 0, Time elapsed: 2.136 sec

Results :

Tests run: 4, Failures: 0, Errors: 0, Skipped: 0

[INFO]
[INFO] --- maven-jar-plugin:2.1:jar (default-jar) @ org.apache.sling.jcr.jackrabbit.server ---
[INFO] Building jar: /Users/zach/dev/zathomas-open-experiments/bundles/server/target/org.apache.sling.jcr.jackrabbit.server-2.1.0-1.0.jar
[INFO]
[INFO] >>> maven-source-plugin:2.0.4:jar (attach-sources) @ org.apache.sling.jcr.jackrabbit.server >>>
[INFO]
[INFO] <<< maven-source-plugin:2.0.4:jar (attach-sources) @ org.apache.sling.jcr.jackrabbit.server <<<
[INFO]
[INFO] --- maven-source-plugin:2.0.4:jar (attach-sources) @ org.apache.sling.jcr.jackrabbit.server ---
[INFO] Building jar: /Users/zach/dev/zathomas-open-experiments/bundles/server/target/org.apache.sling.jcr.jackrabbit.server-2.1.0-1.0-sources.jar
[INFO]
[INFO] --- maven-jar-plugin:2.1:test-jar (default) @ org.apache.sling.jcr.jackrabbit.server ---
[INFO] Building jar: /Users/zach/dev/zathomas-open-experiments/bundles/server/target/org.apache.sling.jcr.jackrabbit.server-2.1.0-1.0-tests.jar
[INFO]
[INFO] --- ianal-maven-plugin:1.0-alpha-1:verify-legal-files (default) @ org.apache.sling.jcr.jackrabbit.server ---
[INFO] Checking legal files in: org.apache.sling.jcr.jackrabbit.server-2.1.0-1.0.jar
[INFO] Checking legal files in: org.apache.sling.jcr.jackrabbit.server-2.1.0-1.0-sources.jar
[WARNING] Artifact does not contain any legal files: org.apache.sling.jcr.jackrabbit.server-2.1.0-1.0-sources.jar
[INFO] Checking legal files in: org.apache.sling.jcr.jackrabbit.server-2.1.0-1.0-tests.jar
[WARNING] Artifact does not contain any legal files: org.apache.sling.jcr.jackrabbit.server-2.1.0-1.0-tests.jar
[INFO]
[INFO] --- maven-install-plugin:2.3:install (default-install) @ org.apache.sling.jcr.jackrabbit.server ---
[INFO] Installing /Users/zach/dev/zathomas-open-experiments/bundles/server/target/org.apache.sling.jcr.jackrabbit.server-2.1.0-1.0.jar to /Users/zach/.m2/repository/org/sakaiproject/nakamura/org.apache.sling.jcr.jackrabbit.server/2.1.0-1.0/org.apache.sling.jcr.jackrabbit.server-2.1.0-1.0.jar
[INFO] Installing /Users/zach/dev/zathomas-open-experiments/bundles/server/pom.xml to /Users/zach/.m2/repository/org/sakaiproject/nakamura/org.apache.sling.jcr.jackrabbit.server/2.1.0-1.0/org.apache.sling.jcr.jackrabbit.server-2.1.0-1.0.pom
[INFO] Installing /Users/zach/dev/zathomas-open-experiments/bundles/server/target/org.apache.sling.jcr.jackrabbit.server-2.1.0-1.0-sources.jar to /Users/zach/.m2/repository/org/sakaiproject/nakamura/org.apache.sling.jcr.jackrabbit.server/2.1.0-1.0/org.apache.sling.jcr.jackrabbit.server-2.1.0-1.0-sources.jar
[INFO] Installing /Users/zach/dev/zathomas-open-experiments/bundles/server/target/org.apache.sling.jcr.jackrabbit.server-2.1.0-1.0-tests.jar to /Users/zach/.m2/repository/org/sakaiproject/nakamura/org.apache.sling.jcr.jackrabbit.server/2.1.0-1.0/org.apache.sling.jcr.jackrabbit.server-2.1.0-1.0-tests.jar
[INFO]
[INFO] ------------------------------------------------------------------------
[INFO] Building Sakai Nakamura :: Sling Resource Extension Bundle 1.0.0
[INFO] ------------------------------------------------------------------------
[WARNING] The POM for org.apache.sling:org.apache.sling.api:jar:2.0.9-20100524 is missing, no dependency information available
[INFO]
[INFO] --- maven-clean-plugin:2.4.1:clean (default-clean) @ org.sakaiproject.nakamura.resource ---
[INFO] Deleting /Users/zach/dev/zathomas-open-experiments/bundles/resource/target
[INFO]
[INFO] --- maven-resources-plugin:2.4.1:resources (default-resources) @ org.sakaiproject.nakamura.resource ---
[INFO] Using 'UTF-8' encoding to copy filtered resources.
[INFO] Copying 2 resources
[INFO]
[INFO] --- maven-compiler-plugin:2.0.2:compile (default-compile) @ org.sakaiproject.nakamura.resource ---
[INFO] Compiling 48 source files to /Users/zach/dev/zathomas-open-experiments/bundles/resource/target/classes
[INFO]
[INFO] --- maven-scr-plugin:1.7.0:scr (generate-scr-scrdescriptor) @ org.sakaiproject.nakamura.resource ---
[INFO] Generating 16 MetaType Descriptors to /Users/zach/dev/zathomas-open-experiments/bundles/resource/target/scr-plugin-generated/OSGI-INF/metatype/metatype.xml
[INFO] Writing abstract service descriptor /Users/zach/dev/zathomas-open-experiments/bundles/resource/target/scr-plugin-generated/OSGI-INF/scr-plugin/scrinfo.xml with 9 entries.
[INFO] Generating 9 Service Component Descriptors to /Users/zach/dev/zathomas-open-experiments/bundles/resource/target/scr-plugin-generated/OSGI-INF/serviceComponents.xml
[INFO]
[INFO] --- maven-resources-plugin:2.4.1:testResources (default-testResources) @ org.sakaiproject.nakamura.resource ---
[INFO] Using 'UTF-8' encoding to copy filtered resources.
[INFO] Copying 5 resources
[INFO]
[INFO] --- maven-compiler-plugin:2.0.2:testCompile (default-testCompile) @ org.sakaiproject.nakamura.resource ---
[INFO] Compiling 1 source file to /Users/zach/dev/zathomas-open-experiments/bundles/resource/target/test-classes
[INFO]
[INFO] --- maven-surefire-plugin:2.5:test (default-test) @ org.sakaiproject.nakamura.resource ---
[INFO] Surefire report directory: /Users/zach/dev/zathomas-open-experiments/bundles/resource/target/surefire-reports

-------------------------------------------------------
 T E S T S
-------------------------------------------------------
Running org.sakaiproject.nakamura.api.resource.lite.LiteJsonImporterTest
Tests run: 7, Failures: 0, Errors: 0, Skipped: 0, Time elapsed: 0.324 sec

Results :

Tests run: 7, Failures: 0, Errors: 0, Skipped: 0

[INFO]
[INFO] --- maven-bundle-plugin:2.0.1:bundle (default-bundle) @ org.sakaiproject.nakamura.resource ---
[INFO]
[INFO] >>> maven-source-plugin:2.0.4:jar (attach-sources) @ org.sakaiproject.nakamura.resource >>>
[INFO]
[INFO] <<< maven-source-plugin:2.0.4:jar (attach-sources) @ org.sakaiproject.nakamura.resource <<<
[INFO]
[INFO] --- maven-source-plugin:2.0.4:jar (attach-sources) @ org.sakaiproject.nakamura.resource ---
[INFO] Building jar: /Users/zach/dev/zathomas-open-experiments/bundles/resource/target/org.sakaiproject.nakamura.resource-1.0.0-sources.jar
[INFO]
[INFO] --- ianal-maven-plugin:1.0-alpha-1:verify-legal-files (default) @ org.sakaiproject.nakamura.resource ---
[INFO] Checking legal files in: org.sakaiproject.nakamura.resource-1.0.0.jar
[INFO] Checking legal files in: org.sakaiproject.nakamura.resource-1.0.0-sources.jar
[WARNING] Artifact does not contain any legal files: org.sakaiproject.nakamura.resource-1.0.0-sources.jar
[INFO]
[INFO] --- maven-install-plugin:2.3:install (default-install) @ org.sakaiproject.nakamura.resource ---
[INFO] Installing /Users/zach/dev/zathomas-open-experiments/bundles/resource/target/org.sakaiproject.nakamura.resource-1.0.0.jar to /Users/zach/.m2/repository/org/sakaiproject/nakamura/org.sakaiproject.nakamura.resource/1.0.0/org.sakaiproject.nakamura.resource-1.0.0.jar
[INFO] Installing /Users/zach/dev/zathomas-open-experiments/bundles/resource/pom.xml to /Users/zach/.m2/repository/org/sakaiproject/nakamura/org.sakaiproject.nakamura.resource/1.0.0/org.sakaiproject.nakamura.resource-1.0.0.pom
[INFO] Installing /Users/zach/dev/zathomas-open-experiments/bundles/resource/target/org.sakaiproject.nakamura.resource-1.0.0-sources.jar to /Users/zach/.m2/repository/org/sakaiproject/nakamura/org.sakaiproject.nakamura.resource/1.0.0/org.sakaiproject.nakamura.resource-1.0.0-sources.jar
[INFO]
[INFO] --- maven-bundle-plugin:2.0.1:install (default-install) @ org.sakaiproject.nakamura.resource ---
[INFO] Parsing file:/Users/zach/.m2/repository/repository.xml
[INFO] Installing org/sakaiproject/nakamura/org.sakaiproject.nakamura.resource/1.0.0/org.sakaiproject.nakamura.resource-1.0.0.jar
[INFO] Writing OBR metadata
[INFO]                                                                         
[INFO] ------------------------------------------------------------------------
[INFO] Building Sakai Nakamura :: Documentation Support bundle 1.0.0
[INFO] ------------------------------------------------------------------------
[INFO] 
[INFO] --- maven-clean-plugin:2.4.1:clean (default-clean) @ org.sakaiproject.nakamura.doc ---
[INFO] Deleting /Users/zach/dev/zathomas-open-experiments/bundles/doc/target
[INFO] 
[INFO] --- maven-antrun-plugin:1.4:run (default) @ org.sakaiproject.nakamura.doc ---
project.artifactId
[INFO] Executing tasks
[INFO] Executed tasks
[INFO] 
[INFO] --- maven-resources-plugin:2.4.1:resources (default-resources) @ org.sakaiproject.nakamura.doc ---
[INFO] Using 'UTF-8' encoding to copy filtered resources.
[INFO] Copying 4 resources
[INFO] 
[INFO] --- maven-compiler-plugin:2.0.2:compile (default-compile) @ org.sakaiproject.nakamura.doc ---
[INFO] Compiling 37 source files to /Users/zach/dev/zathomas-open-experiments/bundles/doc/target/classes
[INFO] 
[INFO] --- maven-scr-plugin:1.7.0:scr (generate-scr-scrdescriptor) @ org.sakaiproject.nakamura.doc ---
[INFO] Generating 8 MetaType Descriptors to /Users/zach/dev/zathomas-open-experiments/bundles/doc/target/scr-plugin-generated/OSGI-INF/metatype/metatype.xml
[INFO] Writing abstract service descriptor /Users/zach/dev/zathomas-open-experiments/bundles/doc/target/scr-plugin-generated/OSGI-INF/scr-plugin/scrinfo.xml with 5 entries.
[INFO] Generating 5 Service Component Descriptors to /Users/zach/dev/zathomas-open-experiments/bundles/doc/target/scr-plugin-generated/OSGI-INF/serviceComponents.xml
[INFO] 
[INFO] --- maven-resources-plugin:2.4.1:testResources (default-testResources) @ org.sakaiproject.nakamura.doc ---
[INFO] Using 'UTF-8' encoding to copy filtered resources.
[INFO] skip non existing resourceDirectory /Users/zach/dev/zathomas-open-experiments/bundles/doc/src/test/resources
[INFO] 
[INFO] --- maven-compiler-plugin:2.0.2:testCompile (default-testCompile) @ org.sakaiproject.nakamura.doc ---
[INFO] Compiling 4 source files to /Users/zach/dev/zathomas-open-experiments/bundles/doc/target/test-classes
[INFO] 
[INFO] --- maven-surefire-plugin:2.5:test (default-test) @ org.sakaiproject.nakamura.doc ---
[INFO] Surefire report directory: /Users/zach/dev/zathomas-open-experiments/bundles/doc/target/surefire-reports

-------------------------------------------------------
 T E S T S
-------------------------------------------------------
Running org.sakaiproject.nakamura.doc.DocumentationWriterTest
Tests run: 2, Failures: 0, Errors: 0, Skipped: 0, Time elapsed: 0.283 sec
Running org.sakaiproject.nakamura.doc.servlet.DocumentationServletTest
Tests run: 3, Failures: 0, Errors: 0, Skipped: 0, Time elapsed: 0.141 sec
Running org.sakaiproject.nakamura.doc.GeneralDocumentationServletTest
Tests run: 1, Failures: 0, Errors: 0, Skipped: 0, Time elapsed: 0.01 sec

Results :

Tests run: 6, Failures: 0, Errors: 0, Skipped: 0

[INFO] 
[INFO] --- maven-bundle-plugin:2.0.1:bundle (default-bundle) @ org.sakaiproject.nakamura.doc ---
[INFO] 
[INFO] >>> maven-source-plugin:2.0.4:jar (attach-sources) @ org.sakaiproject.nakamura.doc >>>
[INFO] 
[INFO] <<< maven-source-plugin:2.0.4:jar (attach-sources) @ org.sakaiproject.nakamura.doc <<<
[INFO] 
[INFO] --- maven-source-plugin:2.0.4:jar (attach-sources) @ org.sakaiproject.nakamura.doc ---
[INFO] Building jar: /Users/zach/dev/zathomas-open-experiments/bundles/doc/target/org.sakaiproject.nakamura.doc-1.0.0-sources.jar
[INFO] 
[INFO] --- ianal-maven-plugin:1.0-alpha-1:verify-legal-files (default) @ org.sakaiproject.nakamura.doc ---
[INFO] Checking legal files in: org.sakaiproject.nakamura.doc-1.0.0.jar
[INFO] Checking legal files in: org.sakaiproject.nakamura.doc-1.0.0-sources.jar
[WARNING] Artifact does not contain any legal files: org.sakaiproject.nakamura.doc-1.0.0-sources.jar
[INFO] 
[INFO] --- maven-install-plugin:2.3:install (default-install) @ org.sakaiproject.nakamura.doc ---
[INFO] Installing /Users/zach/dev/zathomas-open-experiments/bundles/doc/target/org.sakaiproject.nakamura.doc-1.0.0.jar to /Users/zach/.m2/repository/org/sakaiproject/nakamura/org.sakaiproject.nakamura.doc/1.0.0/org.sakaiproject.nakamura.doc-1.0.0.jar
[INFO] Installing /Users/zach/dev/zathomas-open-experiments/bundles/doc/pom.xml to /Users/zach/.m2/repository/org/sakaiproject/nakamura/org.sakaiproject.nakamura.doc/1.0.0/org.sakaiproject.nakamura.doc-1.0.0.pom
[INFO] Installing /Users/zach/dev/zathomas-open-experiments/bundles/doc/target/org.sakaiproject.nakamura.doc-1.0.0-sources.jar to /Users/zach/.m2/repository/org/sakaiproject/nakamura/org.sakaiproject.nakamura.doc/1.0.0/org.sakaiproject.nakamura.doc-1.0.0-sources.jar
[INFO] 
[INFO] --- maven-bundle-plugin:2.0.1:install (default-install) @ org.sakaiproject.nakamura.doc ---
[INFO] Parsing file:/Users/zach/.m2/repository/repository.xml
[INFO] Installing org/sakaiproject/nakamura/org.sakaiproject.nakamura.doc/1.0.0/org.sakaiproject.nakamura.doc-1.0.0.jar
[INFO] Writing OBR metadata
[INFO]                                                                         
[INFO] ------------------------------------------------------------------------
[INFO] Building Sakai Nakamura :: proxy service 1.0.0
[INFO] ------------------------------------------------------------------------
[INFO] 
[INFO] --- maven-clean-plugin:2.4.1:clean (default-clean) @ org.sakaiproject.nakamura.proxy ---
[INFO] Deleting /Users/zach/dev/zathomas-open-experiments/bundles/proxy/target
[INFO] 
[INFO] --- maven-dependency-plugin:2.1:copy-dependencies (embed-dependencies) @ org.sakaiproject.nakamura.proxy ---
[INFO] Copying ant-1.6.jar to /Users/zach/dev/zathomas-open-experiments/bundles/proxy/target/classes/ant-1.6.jar
[INFO] Copying antlr-2.7.7.jar to /Users/zach/dev/zathomas-open-experiments/bundles/proxy/target/classes/antlr-2.7.7.jar
[INFO] Copying commons-logging-1.1.jar to /Users/zach/dev/zathomas-open-experiments/bundles/proxy/target/classes/commons-logging-1.1.jar
[INFO] Copying ical4j-0.9.20.jar to /Users/zach/dev/zathomas-open-experiments/bundles/proxy/target/classes/ical4j-0.9.20.jar
[INFO] Copying log4j-1.2.12.jar to /Users/zach/dev/zathomas-open-experiments/bundles/proxy/target/classes/log4j-1.2.12.jar
[INFO] Copying logkit-2.0.jar to /Users/zach/dev/zathomas-open-experiments/bundles/proxy/target/classes/logkit-2.0.jar
[INFO] Copying velocity-1.6.2.jar to /Users/zach/dev/zathomas-open-experiments/bundles/proxy/target/classes/velocity-1.6.2.jar
[INFO] Copying oro-2.0.8.jar to /Users/zach/dev/zathomas-open-experiments/bundles/proxy/target/classes/oro-2.0.8.jar
[INFO] Copying werken-xpath-0.9.4.jar to /Users/zach/dev/zathomas-open-experiments/bundles/proxy/target/classes/werken-xpath-0.9.4.jar
[INFO] Copying xml-resolver-1.2.jar to /Users/zach/dev/zathomas-open-experiments/bundles/proxy/target/classes/xml-resolver-1.2.jar
[INFO] 
[INFO] --- maven-resources-plugin:2.4.1:resources (default-resources) @ org.sakaiproject.nakamura.proxy ---
[INFO] Using 'UTF-8' encoding to copy filtered resources.
[INFO] Copying 23 resources
[INFO] 
[INFO] --- maven-compiler-plugin:2.0.2:compile (default-compile) @ org.sakaiproject.nakamura.proxy ---
[INFO] Compiling 20 source files to /Users/zach/dev/zathomas-open-experiments/bundles/proxy/target/classes
[INFO] 
[INFO] --- maven-scr-plugin:1.7.0:scr (generate-scr-scrdescriptor) @ org.sakaiproject.nakamura.proxy ---
[INFO] Generating 6 MetaType Descriptors to /Users/zach/dev/zathomas-open-experiments/bundles/proxy/target/scr-plugin-generated/OSGI-INF/metatype/metatype.xml
[INFO] Writing abstract service descriptor /Users/zach/dev/zathomas-open-experiments/bundles/proxy/target/scr-plugin-generated/OSGI-INF/scr-plugin/scrinfo.xml with 9 entries.
[INFO] Generating 9 Service Component Descriptors to /Users/zach/dev/zathomas-open-experiments/bundles/proxy/target/scr-plugin-generated/OSGI-INF/serviceComponents.xml
[INFO] 
[INFO] --- maven-resources-plugin:2.4.1:testResources (default-testResources) @ org.sakaiproject.nakamura.proxy ---
[INFO] Using 'UTF-8' encoding to copy filtered resources.
[INFO] Copying 3 resources
[INFO] 
[INFO] --- maven-compiler-plugin:2.0.2:testCompile (default-testCompile) @ org.sakaiproject.nakamura.proxy ---
[INFO] Compiling 8 source files to /Users/zach/dev/zathomas-open-experiments/bundles/proxy/target/test-classes
[INFO] 
[INFO] --- maven-surefire-plugin:2.5:test (default-test) @ org.sakaiproject.nakamura.proxy ---
[INFO] Surefire report directory: /Users/zach/dev/zathomas-open-experiments/bundles/proxy/target/surefire-reports

-------------------------------------------------------
 T E S T S
-------------------------------------------------------
Running org.sakaiproject.nakamura.proxy.DefaultProxyPostProcessorImplTest
Tests run: 2, Failures: 0, Errors: 0, Skipped: 0, Time elapsed: 0.294 sec
Running org.sakaiproject.nakamura.proxy.ProxyResponseImplTest
Tests run: 3, Failures: 0, Errors: 0, Skipped: 0, Time elapsed: 0.042 sec
Running org.sakaiproject.nakamura.proxy.ProxyClientServiceImplTest
Tests run: 11, Failures: 0, Errors: 0, Skipped: 0, Time elapsed: 0.675 sec
Running org.sakaiproject.nakamura.proxy.HeaderProxyPostProcessorTest
Tests run: 6, Failures: 0, Errors: 0, Skipped: 0, Time elapsed: 0.029 sec
Running org.sakaiproject.nakamura.proxy.RSSProxyPreProcessorTest
Tests run: 2, Failures: 0, Errors: 0, Skipped: 0, Time elapsed: 0.008 sec
Running org.sakaiproject.nakamura.proxy.TrustedLoginTokenProxyPreProcessorTest
Tests run: 3, Failures: 0, Errors: 0, Skipped: 0, Time elapsed: 0.249 sec
Running org.sakaiproject.nakamura.proxy.ResourceProxyServletTest
Tests run: 10, Failures: 0, Errors: 0, Skipped: 0, Time elapsed: 0.155 sec
Running org.sakaiproject.nakamura.proxy.RSSProxyPostProcessorTest
Tests run: 6, Failures: 0, Errors: 0, Skipped: 0, Time elapsed: 0.212 sec

Results :

Tests run: 43, Failures: 0, Errors: 0, Skipped: 0

[INFO] 
[INFO] --- maven-bundle-plugin:2.0.1:bundle (default-bundle) @ org.sakaiproject.nakamura.proxy ---
[INFO] 
[INFO] >>> maven-source-plugin:2.0.4:jar (attach-sources) @ org.sakaiproject.nakamura.proxy >>>
[INFO] 
[INFO] <<< maven-source-plugin:2.0.4:jar (attach-sources) @ org.sakaiproject.nakamura.proxy <<<
[INFO] 
[INFO] --- maven-source-plugin:2.0.4:jar (attach-sources) @ org.sakaiproject.nakamura.proxy ---
[INFO] Building jar: /Users/zach/dev/zathomas-open-experiments/bundles/proxy/target/org.sakaiproject.nakamura.proxy-1.0.0-sources.jar
[INFO] 
[INFO] --- ianal-maven-plugin:1.0-alpha-1:verify-legal-files (default) @ org.sakaiproject.nakamura.proxy ---
[INFO] Checking legal files in: org.sakaiproject.nakamura.proxy-1.0.0.jar
[INFO] Checking legal files in: org.sakaiproject.nakamura.proxy-1.0.0-sources.jar
[WARNING] Artifact does not contain any legal files: org.sakaiproject.nakamura.proxy-1.0.0-sources.jar
[INFO] 
[INFO] --- maven-install-plugin:2.3:install (default-install) @ org.sakaiproject.nakamura.proxy ---
[INFO] Installing /Users/zach/dev/zathomas-open-experiments/bundles/proxy/target/org.sakaiproject.nakamura.proxy-1.0.0.jar to /Users/zach/.m2/repository/org/sakaiproject/nakamura/org.sakaiproject.nakamura.proxy/1.0.0/org.sakaiproject.nakamura.proxy-1.0.0.jar
[INFO] Installing /Users/zach/dev/zathomas-open-experiments/bundles/proxy/pom.xml to /Users/zach/.m2/repository/org/sakaiproject/nakamura/org.sakaiproject.nakamura.proxy/1.0.0/org.sakaiproject.nakamura.proxy-1.0.0.pom
[INFO] Installing /Users/zach/dev/zathomas-open-experiments/bundles/proxy/target/org.sakaiproject.nakamura.proxy-1.0.0-sources.jar to /Users/zach/.m2/repository/org/sakaiproject/nakamura/org.sakaiproject.nakamura.proxy/1.0.0/org.sakaiproject.nakamura.proxy-1.0.0-sources.jar
[INFO] 
[INFO] --- maven-bundle-plugin:2.0.1:install (default-install) @ org.sakaiproject.nakamura.proxy ---
[INFO] Parsing file:/Users/zach/.m2/repository/repository.xml
[INFO] Installing org/sakaiproject/nakamura/org.sakaiproject.nakamura.proxy/1.0.0/org.sakaiproject.nakamura.proxy-1.0.0.jar
[INFO] Writing OBR metadata
[INFO]                                                                         
[INFO] ------------------------------------------------------------------------
[INFO] Building Sakai Nakamura :: Jetty Configuration 1.0.0
[INFO] ------------------------------------------------------------------------
[INFO] 
[INFO] --- maven-clean-plugin:2.4.1:clean (default-clean) @ org.sakaiproject.nakamura.jetty-config ---
[INFO] Deleting /Users/zach/dev/zathomas-open-experiments/bundles/jetty-config/target
[INFO] 
[INFO] --- maven-dependency-plugin:2.1:unpack-dependencies (inline-pax-web) @ org.sakaiproject.nakamura.jetty-config ---
[INFO] Unpacking /Users/zach/.m2/repository/org/apache/felix/org.apache.felix.http.jetty/2.2.0/org.apache.felix.http.jetty-2.2.0.jar to
  /Users/zach/dev/zathomas-open-experiments/bundles/jetty-config/target/classes
   with includes null and excludes:null
[INFO] Unpacking /Users/zach/.m2/repository/org/mortbay/jetty/jetty-ajp/6.1.22/jetty-ajp-6.1.22.jar to
  /Users/zach/dev/zathomas-open-experiments/bundles/jetty-config/target/classes
   with includes null and excludes:null
[INFO] 
[INFO] --- maven-resources-plugin:2.4.1:resources (default-resources) @ org.sakaiproject.nakamura.jetty-config ---
[INFO] Using 'UTF-8' encoding to copy filtered resources.
[INFO] Copying 5 resources
[INFO] 
[INFO] --- maven-compiler-plugin:2.0.2:compile (default-compile) @ org.sakaiproject.nakamura.jetty-config ---
[INFO] Compiling 6 source files to /Users/zach/dev/zathomas-open-experiments/bundles/jetty-config/target/classes
[WARNING] /Users/zach/dev/zathomas-open-experiments/bundles/jetty-config/src/main/java/org/sakaiproject/nakamura/jetty/OSGiGZipFilter.java:[26,59] [unchecked] unchecked cast
found   : java.util.Map<java.lang.String,java.lang.Object>
required: java.util.Dictionary

[INFO] 
[INFO] --- maven-resources-plugin:2.4.1:testResources (default-testResources) @ org.sakaiproject.nakamura.jetty-config ---
[INFO] Using 'UTF-8' encoding to copy filtered resources.
[INFO] skip non existing resourceDirectory /Users/zach/dev/zathomas-open-experiments/bundles/jetty-config/src/test/resources
[INFO] 
[INFO] --- maven-compiler-plugin:2.0.2:testCompile (default-testCompile) @ org.sakaiproject.nakamura.jetty-config ---
[INFO] No sources to compile
[INFO] 
[INFO] --- maven-surefire-plugin:2.5:test (default-test) @ org.sakaiproject.nakamura.jetty-config ---
[INFO] No tests to run.
[INFO] 
[INFO] --- maven-jar-plugin:2.1:jar (default-jar) @ org.sakaiproject.nakamura.jetty-config ---
[INFO] Building jar: /Users/zach/dev/zathomas-open-experiments/bundles/jetty-config/target/org.sakaiproject.nakamura.jetty-config-1.0.0.jar
[INFO] 
[INFO] >>> maven-source-plugin:2.0.4:jar (attach-sources) @ org.sakaiproject.nakamura.jetty-config >>>
[INFO] 
[INFO] <<< maven-source-plugin:2.0.4:jar (attach-sources) @ org.sakaiproject.nakamura.jetty-config <<<
[INFO] 
[INFO] --- maven-source-plugin:2.0.4:jar (attach-sources) @ org.sakaiproject.nakamura.jetty-config ---
[INFO] Building jar: /Users/zach/dev/zathomas-open-experiments/bundles/jetty-config/target/org.sakaiproject.nakamura.jetty-config-1.0.0-sources.jar
[INFO] 
[INFO] --- ianal-maven-plugin:1.0-alpha-1:verify-legal-files (default) @ org.sakaiproject.nakamura.jetty-config ---
[INFO] Checking legal files in: org.sakaiproject.nakamura.jetty-config-1.0.0.jar
[INFO] Checking legal files in: org.sakaiproject.nakamura.jetty-config-1.0.0-sources.jar
[WARNING] Artifact does not contain any legal files: org.sakaiproject.nakamura.jetty-config-1.0.0-sources.jar
[INFO] 
[INFO] --- maven-install-plugin:2.3:install (default-install) @ org.sakaiproject.nakamura.jetty-config ---
[INFO] Installing /Users/zach/dev/zathomas-open-experiments/bundles/jetty-config/target/org.sakaiproject.nakamura.jetty-config-1.0.0.jar to /Users/zach/.m2/repository/org/sakaiproject/nakamura/org.sakaiproject.nakamura.jetty-config/1.0.0/org.sakaiproject.nakamura.jetty-config-1.0.0.jar
[INFO] Installing /Users/zach/dev/zathomas-open-experiments/bundles/jetty-config/pom.xml to /Users/zach/.m2/repository/org/sakaiproject/nakamura/org.sakaiproject.nakamura.jetty-config/1.0.0/org.sakaiproject.nakamura.jetty-config-1.0.0.pom
[INFO] Installing /Users/zach/dev/zathomas-open-experiments/bundles/jetty-config/target/org.sakaiproject.nakamura.jetty-config-1.0.0-sources.jar to /Users/zach/.m2/repository/org/sakaiproject/nakamura/org.sakaiproject.nakamura.jetty-config/1.0.0/org.sakaiproject.nakamura.jetty-config-1.0.0-sources.jar
[INFO]                                                                         
[INFO] ------------------------------------------------------------------------
[INFO] Building Sakai Nakamura :: ActiveMQ Bundle 5.3.0-1.0
[INFO] ------------------------------------------------------------------------
[INFO] 
[INFO] --- maven-clean-plugin:2.4.1:clean (default-clean) @ org.sakaiproject.nakamura.activemq ---
[INFO] Deleting /Users/zach/dev/zathomas-open-experiments/bundles/activemq/target
[INFO] 
[INFO] --- maven-resources-plugin:2.4.1:resources (default-resources) @ org.sakaiproject.nakamura.activemq ---
[INFO] Using 'UTF-8' encoding to copy filtered resources.
[INFO] Copying 3 resources
[INFO] 
[INFO] --- maven-compiler-plugin:2.0.2:compile (default-compile) @ org.sakaiproject.nakamura.activemq ---
[INFO] Compiling 3 source files to /Users/zach/dev/zathomas-open-experiments/bundles/activemq/target/classes
[INFO] 
[INFO] --- maven-scr-plugin:1.7.0:scr (generate-scr-scrdescriptor) @ org.sakaiproject.nakamura.activemq ---
[INFO] Generating 4 MetaType Descriptors to /Users/zach/dev/zathomas-open-experiments/bundles/activemq/target/scr-plugin-generated/OSGI-INF/metatype/metatype.xml
[INFO] Writing abstract service descriptor /Users/zach/dev/zathomas-open-experiments/bundles/activemq/target/scr-plugin-generated/OSGI-INF/scr-plugin/scrinfo.xml with 2 entries.
[INFO] Generating 2 Service Component Descriptors to /Users/zach/dev/zathomas-open-experiments/bundles/activemq/target/scr-plugin-generated/OSGI-INF/serviceComponents.xml
[INFO] 
[INFO] --- maven-resources-plugin:2.4.1:testResources (default-testResources) @ org.sakaiproject.nakamura.activemq ---
[INFO] Using 'UTF-8' encoding to copy filtered resources.
[INFO] skip non existing resourceDirectory /Users/zach/dev/zathomas-open-experiments/bundles/activemq/src/test/resources
[INFO] 
[INFO] --- maven-compiler-plugin:2.0.2:testCompile (default-testCompile) @ org.sakaiproject.nakamura.activemq ---
[INFO] Compiling 1 source file to /Users/zach/dev/zathomas-open-experiments/bundles/activemq/target/test-classes
[INFO] 
[INFO] --- maven-surefire-plugin:2.5:test (default-test) @ org.sakaiproject.nakamura.activemq ---
[INFO] Surefire report directory: /Users/zach/dev/zathomas-open-experiments/bundles/activemq/target/surefire-reports

-------------------------------------------------------
 T E S T S
-------------------------------------------------------
Running org.sakaiproject.nakamura.activemq.ActiveMQBrokerComponentTest
Tests run: 1, Failures: 0, Errors: 0, Skipped: 0, Time elapsed: 2.85 sec

Results :

Tests run: 1, Failures: 0, Errors: 0, Skipped: 0

[INFO] 
[INFO] --- maven-bundle-plugin:2.0.1:bundle (default-bundle) @ org.sakaiproject.nakamura.activemq ---
[WARNING] Warning building bundle org.sakaiproject.nakamura:org.sakaiproject.nakamura.activemq:bundle:5.3.0-1.0 : Did not find matching referal for org.apache.camel*
[INFO] 
[INFO] >>> maven-source-plugin:2.0.4:jar (attach-sources) @ org.sakaiproject.nakamura.activemq >>>
[INFO] 
[INFO] <<< maven-source-plugin:2.0.4:jar (attach-sources) @ org.sakaiproject.nakamura.activemq <<<
[INFO] 
[INFO] --- maven-source-plugin:2.0.4:jar (attach-sources) @ org.sakaiproject.nakamura.activemq ---
[INFO] Building jar: /Users/zach/dev/zathomas-open-experiments/bundles/activemq/target/org.sakaiproject.nakamura.activemq-5.3.0-1.0-sources.jar
[INFO] 
[INFO] --- ianal-maven-plugin:1.0-alpha-1:verify-legal-files (default) @ org.sakaiproject.nakamura.activemq ---
[INFO] Checking legal files in: org.sakaiproject.nakamura.activemq-5.3.0-1.0.jar
[INFO] Checking legal files in: org.sakaiproject.nakamura.activemq-5.3.0-1.0-sources.jar
[WARNING] Artifact does not contain any legal files: org.sakaiproject.nakamura.activemq-5.3.0-1.0-sources.jar
[INFO] 
[INFO] --- maven-install-plugin:2.3:install (default-install) @ org.sakaiproject.nakamura.activemq ---
[INFO] Installing /Users/zach/dev/zathomas-open-experiments/bundles/activemq/target/org.sakaiproject.nakamura.activemq-5.3.0-1.0.jar to /Users/zach/.m2/repository/org/sakaiproject/nakamura/org.sakaiproject.nakamura.activemq/5.3.0-1.0/org.sakaiproject.nakamura.activemq-5.3.0-1.0.jar
[INFO] Installing /Users/zach/dev/zathomas-open-experiments/bundles/activemq/pom.xml to /Users/zach/.m2/repository/org/sakaiproject/nakamura/org.sakaiproject.nakamura.activemq/5.3.0-1.0/org.sakaiproject.nakamura.activemq-5.3.0-1.0.pom
[INFO] Installing /Users/zach/dev/zathomas-open-experiments/bundles/activemq/target/org.sakaiproject.nakamura.activemq-5.3.0-1.0-sources.jar to /Users/zach/.m2/repository/org/sakaiproject/nakamura/org.sakaiproject.nakamura.activemq/5.3.0-1.0/org.sakaiproject.nakamura.activemq-5.3.0-1.0-sources.jar
[INFO] 
[INFO] --- maven-bundle-plugin:2.0.1:install (default-install) @ org.sakaiproject.nakamura.activemq ---
[INFO] Parsing file:/Users/zach/.m2/repository/repository.xml
[INFO] Installing org/sakaiproject/nakamura/org.sakaiproject.nakamura.activemq/5.3.0-1.0/org.sakaiproject.nakamura.activemq-5.3.0-1.0.jar
[INFO] Writing OBR metadata
[INFO]                                                                         
[INFO] ------------------------------------------------------------------------
[INFO] Building Sakai Nakamura :: Sakai Cluster Tracking 1.0.0
[INFO] ------------------------------------------------------------------------
[WARNING] The POM for opensymphony:quartz:jar:1.6.3 is missing, no dependency information available
[INFO] 
[INFO] --- maven-clean-plugin:2.4.1:clean (default-clean) @ org.sakaiproject.nakamura.cluster ---
[INFO] Deleting /Users/zach/dev/zathomas-open-experiments/bundles/cluster/target
[INFO] 
[INFO] --- maven-resources-plugin:2.4.1:resources (default-resources) @ org.sakaiproject.nakamura.cluster ---
[INFO] Using 'UTF-8' encoding to copy filtered resources.
[INFO] Copying 4 resources
[INFO] 
[INFO] --- maven-compiler-plugin:2.0.2:compile (default-compile) @ org.sakaiproject.nakamura.cluster ---
[INFO] Compiling 12 source files to /Users/zach/dev/zathomas-open-experiments/bundles/cluster/target/classes
[INFO] 
[INFO] --- maven-scr-plugin:1.7.0:scr (generate-scr-scrdescriptor) @ org.sakaiproject.nakamura.cluster ---
[INFO] Generating 2 MetaType Descriptors to /Users/zach/dev/zathomas-open-experiments/bundles/cluster/target/scr-plugin-generated/OSGI-INF/metatype/metatype.xml
[INFO] Writing abstract service descriptor /Users/zach/dev/zathomas-open-experiments/bundles/cluster/target/scr-plugin-generated/OSGI-INF/scr-plugin/scrinfo.xml with 4 entries.
[INFO] Generating 4 Service Component Descriptors to /Users/zach/dev/zathomas-open-experiments/bundles/cluster/target/scr-plugin-generated/OSGI-INF/serviceComponents.xml
[INFO] 
[INFO] --- maven-resources-plugin:2.4.1:testResources (default-testResources) @ org.sakaiproject.nakamura.cluster ---
[INFO] Using 'UTF-8' encoding to copy filtered resources.
[INFO] skip non existing resourceDirectory /Users/zach/dev/zathomas-open-experiments/bundles/cluster/src/test/resources
[INFO] 
[INFO] --- maven-compiler-plugin:2.0.2:testCompile (default-testCompile) @ org.sakaiproject.nakamura.cluster ---
[INFO] Compiling 6 source files to /Users/zach/dev/zathomas-open-experiments/bundles/cluster/target/test-classes
[INFO] 
[INFO] --- maven-surefire-plugin:2.5:test (default-test) @ org.sakaiproject.nakamura.cluster ---
[INFO] Surefire report directory: /Users/zach/dev/zathomas-open-experiments/bundles/cluster/target/surefire-reports

-------------------------------------------------------
 T E S T S
-------------------------------------------------------
Running org.sakaiproject.nakamura.cluster.ClusterTrackingServiceImplTest
Tests run: 8, Failures: 0, Errors: 0, Skipped: 0, Time elapsed: 7.32 sec
Running org.sakaiproject.nakamura.cluster.ClusterTrackingFilterTest
Tests run: 2, Failures: 0, Errors: 0, Skipped: 0, Time elapsed: 2.049 sec
Running org.sakaiproject.nakamura.cluster.IDTest
Tests run: 3, Failures: 0, Errors: 0, Skipped: 0, Time elapsed: 1.665 sec
Running org.sakaiproject.nakamura.cluster.ClusterUserServletTest
Tests run: 3, Failures: 0, Errors: 0, Skipped: 0, Time elapsed: 3.066 sec
Running org.sakaiproject.nakamura.cluster.LiteClusterUserServletTest
Tests run: 3, Failures: 0, Errors: 0, Skipped: 0, Time elapsed: 3.375 sec
Running org.sakaiproject.nakamura.cluster.ClusterUserMessageListenerTest
Tests run: 2, Failures: 0, Errors: 0, Skipped: 0, Time elapsed: 2.042 sec

Results :

Tests run: 21, Failures: 0, Errors: 0, Skipped: 0

[INFO] 
[INFO] --- maven-bundle-plugin:2.0.1:bundle (default-bundle) @ org.sakaiproject.nakamura.cluster ---
[INFO] 
[INFO] >>> maven-source-plugin:2.0.4:jar (attach-sources) @ org.sakaiproject.nakamura.cluster >>>
[INFO] 
[INFO] <<< maven-source-plugin:2.0.4:jar (attach-sources) @ org.sakaiproject.nakamura.cluster <<<
[INFO] 
[INFO] --- maven-source-plugin:2.0.4:jar (attach-sources) @ org.sakaiproject.nakamura.cluster ---
[INFO] Building jar: /Users/zach/dev/zathomas-open-experiments/bundles/cluster/target/org.sakaiproject.nakamura.cluster-1.0.0-sources.jar
[INFO] 
[INFO] --- ianal-maven-plugin:1.0-alpha-1:verify-legal-files (default) @ org.sakaiproject.nakamura.cluster ---
[INFO] Checking legal files in: org.sakaiproject.nakamura.cluster-1.0.0.jar
[INFO] Checking legal files in: org.sakaiproject.nakamura.cluster-1.0.0-sources.jar
[WARNING] Artifact does not contain any legal files: org.sakaiproject.nakamura.cluster-1.0.0-sources.jar
[INFO] 
[INFO] --- maven-install-plugin:2.3:install (default-install) @ org.sakaiproject.nakamura.cluster ---
[INFO] Installing /Users/zach/dev/zathomas-open-experiments/bundles/cluster/target/org.sakaiproject.nakamura.cluster-1.0.0.jar to /Users/zach/.m2/repository/org/sakaiproject/nakamura/org.sakaiproject.nakamura.cluster/1.0.0/org.sakaiproject.nakamura.cluster-1.0.0.jar
[INFO] Installing /Users/zach/dev/zathomas-open-experiments/bundles/cluster/pom.xml to /Users/zach/.m2/repository/org/sakaiproject/nakamura/org.sakaiproject.nakamura.cluster/1.0.0/org.sakaiproject.nakamura.cluster-1.0.0.pom
[INFO] Installing /Users/zach/dev/zathomas-open-experiments/bundles/cluster/target/org.sakaiproject.nakamura.cluster-1.0.0-sources.jar to /Users/zach/.m2/repository/org/sakaiproject/nakamura/org.sakaiproject.nakamura.cluster/1.0.0/org.sakaiproject.nakamura.cluster-1.0.0-sources.jar
[INFO] 
[INFO] --- maven-bundle-plugin:2.0.1:install (default-install) @ org.sakaiproject.nakamura.cluster ---
[INFO] Parsing file:/Users/zach/.m2/repository/repository.xml
[INFO] Installing org/sakaiproject/nakamura/org.sakaiproject.nakamura.cluster/1.0.0/org.sakaiproject.nakamura.cluster-1.0.0.jar
[INFO] Writing OBR metadata
[INFO]                                                                         
[INFO] ------------------------------------------------------------------------
[INFO] Building Sakai Nakamura :: Trusted Authentication Bundle 1.0.0
[INFO] ------------------------------------------------------------------------
[INFO] 
[INFO] --- maven-clean-plugin:2.4.1:clean (default-clean) @ org.sakaiproject.nakamura.auth.trusted ---
[INFO] Deleting /Users/zach/dev/zathomas-open-experiments/bundles/trustedauth/target
[INFO] 
[INFO] --- maven-resources-plugin:2.4.1:resources (default-resources) @ org.sakaiproject.nakamura.auth.trusted ---
[INFO] Using 'UTF-8' encoding to copy filtered resources.
[INFO] Copying 3 resources
[INFO] 
[INFO] --- maven-compiler-plugin:2.0.2:compile (default-compile) @ org.sakaiproject.nakamura.auth.trusted ---
[INFO] Compiling 19 source files to /Users/zach/dev/zathomas-open-experiments/bundles/trustedauth/target/classes
[INFO] 
[INFO] --- maven-scr-plugin:1.7.0:scr (generate-scr-scrdescriptor) @ org.sakaiproject.nakamura.auth.trusted ---
[INFO] Generating 4 MetaType Descriptors to /Users/zach/dev/zathomas-open-experiments/bundles/trustedauth/target/scr-plugin-generated/OSGI-INF/metatype/metatype.xml
[INFO] Writing abstract service descriptor /Users/zach/dev/zathomas-open-experiments/bundles/trustedauth/target/scr-plugin-generated/OSGI-INF/scr-plugin/scrinfo.xml with 5 entries.
[INFO] Generating 5 Service Component Descriptors to /Users/zach/dev/zathomas-open-experiments/bundles/trustedauth/target/scr-plugin-generated/OSGI-INF/serviceComponents.xml
[INFO] 
[INFO] --- maven-resources-plugin:2.4.1:testResources (default-testResources) @ org.sakaiproject.nakamura.auth.trusted ---
[INFO] Using 'UTF-8' encoding to copy filtered resources.
[INFO] skip non existing resourceDirectory /Users/zach/dev/zathomas-open-experiments/bundles/trustedauth/src/test/resources
[INFO] 
[INFO] --- maven-compiler-plugin:2.0.2:testCompile (default-testCompile) @ org.sakaiproject.nakamura.auth.trusted ---
[INFO] Compiling 6 source files to /Users/zach/dev/zathomas-open-experiments/bundles/trustedauth/target/test-classes
[INFO] 
[INFO] --- maven-surefire-plugin:2.5:test (default-test) @ org.sakaiproject.nakamura.auth.trusted ---
[INFO] Surefire report directory: /Users/zach/dev/zathomas-open-experiments/bundles/trustedauth/target/surefire-reports

-------------------------------------------------------
 T E S T S
-------------------------------------------------------
Running org.sakaiproject.nakamura.auth.trusted.TrustedTokenServiceTest
Tests run: 18, Failures: 0, Errors: 0, Skipped: 0, Time elapsed: 1.856 sec
Running org.sakaiproject.nakamura.auth.trusted.TrustedLoginModulePluginTest
Tests run: 1, Failures: 0, Errors: 0, Skipped: 0, Time elapsed: 0.035 sec
Running org.sakaiproject.nakamura.auth.trusted.TrustedAuthenticationHandlerTest
Tests run: 2, Failures: 0, Errors: 0, Skipped: 0, Time elapsed: 0.011 sec
Running org.sakaiproject.nakamura.auth.trusted.TrustedPrincipalTest
Tests run: 1, Failures: 0, Errors: 0, Skipped: 0, Time elapsed: 0.005 sec
Running org.sakaiproject.nakamura.auth.trusted.TrustedAuthenticationServletTest
Tests run: 1, Failures: 0, Errors: 0, Skipped: 0, Time elapsed: 0.031 sec

Results :

Tests run: 23, Failures: 0, Errors: 0, Skipped: 0

[INFO] 
[INFO] --- maven-bundle-plugin:2.0.1:bundle (default-bundle) @ org.sakaiproject.nakamura.auth.trusted ---
[INFO] 
[INFO] >>> maven-source-plugin:2.0.4:jar (attach-sources) @ org.sakaiproject.nakamura.auth.trusted >>>
[INFO] 
[INFO] <<< maven-source-plugin:2.0.4:jar (attach-sources) @ org.sakaiproject.nakamura.auth.trusted <<<
[INFO] 
[INFO] --- maven-source-plugin:2.0.4:jar (attach-sources) @ org.sakaiproject.nakamura.auth.trusted ---
[INFO] Building jar: /Users/zach/dev/zathomas-open-experiments/bundles/trustedauth/target/org.sakaiproject.nakamura.auth.trusted-1.0.0-sources.jar
[INFO] 
[INFO] --- ianal-maven-plugin:1.0-alpha-1:verify-legal-files (default) @ org.sakaiproject.nakamura.auth.trusted ---
[INFO] Checking legal files in: org.sakaiproject.nakamura.auth.trusted-1.0.0.jar
[INFO] Checking legal files in: org.sakaiproject.nakamura.auth.trusted-1.0.0-sources.jar
[WARNING] Artifact does not contain any legal files: org.sakaiproject.nakamura.auth.trusted-1.0.0-sources.jar
[INFO] 
[INFO] --- maven-install-plugin:2.3:install (default-install) @ org.sakaiproject.nakamura.auth.trusted ---
[INFO] Installing /Users/zach/dev/zathomas-open-experiments/bundles/trustedauth/target/org.sakaiproject.nakamura.auth.trusted-1.0.0.jar to /Users/zach/.m2/repository/org/sakaiproject/nakamura/org.sakaiproject.nakamura.auth.trusted/1.0.0/org.sakaiproject.nakamura.auth.trusted-1.0.0.jar
[INFO] Installing /Users/zach/dev/zathomas-open-experiments/bundles/trustedauth/pom.xml to /Users/zach/.m2/repository/org/sakaiproject/nakamura/org.sakaiproject.nakamura.auth.trusted/1.0.0/org.sakaiproject.nakamura.auth.trusted-1.0.0.pom
[INFO] Installing /Users/zach/dev/zathomas-open-experiments/bundles/trustedauth/target/org.sakaiproject.nakamura.auth.trusted-1.0.0-sources.jar to /Users/zach/.m2/repository/org/sakaiproject/nakamura/org.sakaiproject.nakamura.auth.trusted/1.0.0/org.sakaiproject.nakamura.auth.trusted-1.0.0-sources.jar
[INFO] 
[INFO] --- maven-bundle-plugin:2.0.1:install (default-install) @ org.sakaiproject.nakamura.auth.trusted ---
[INFO] Parsing file:/Users/zach/.m2/repository/repository.xml
[INFO] Installing org/sakaiproject/nakamura/org.sakaiproject.nakamura.auth.trusted/1.0.0/org.sakaiproject.nakamura.auth.trusted-1.0.0.jar
[INFO] Writing OBR metadata
[INFO]                                                                         
[INFO] ------------------------------------------------------------------------
[INFO] Building Sakai Nakamura :: Form Auth Bundle 1.0.0
[INFO] ------------------------------------------------------------------------
[INFO] 
[INFO] --- maven-clean-plugin:2.4.1:clean (default-clean) @ org.sakaiproject.nakamura.formauth ---
[INFO] Deleting /Users/zach/dev/zathomas-open-experiments/bundles/formauth/target
[INFO] 
[INFO] --- maven-resources-plugin:2.4.1:resources (default-resources) @ org.sakaiproject.nakamura.formauth ---
[INFO] Using 'UTF-8' encoding to copy filtered resources.
[INFO] Copying 3 resources
[INFO] 
[INFO] --- maven-compiler-plugin:2.0.2:compile (default-compile) @ org.sakaiproject.nakamura.formauth ---
[INFO] Compiling 3 source files to /Users/zach/dev/zathomas-open-experiments/bundles/formauth/target/classes
[INFO] 
[INFO] --- maven-scr-plugin:1.7.0:scr (generate-scr-scrdescriptor) @ org.sakaiproject.nakamura.formauth ---
[INFO] Generating 4 MetaType Descriptors to /Users/zach/dev/zathomas-open-experiments/bundles/formauth/target/scr-plugin-generated/OSGI-INF/metatype/metatype.xml
[INFO] Writing abstract service descriptor /Users/zach/dev/zathomas-open-experiments/bundles/formauth/target/scr-plugin-generated/OSGI-INF/scr-plugin/scrinfo.xml with 2 entries.
[INFO] Generating 2 Service Component Descriptors to /Users/zach/dev/zathomas-open-experiments/bundles/formauth/target/scr-plugin-generated/OSGI-INF/serviceComponents.xml
[INFO] 
[INFO] --- maven-resources-plugin:2.4.1:testResources (default-testResources) @ org.sakaiproject.nakamura.formauth ---
[INFO] Using 'UTF-8' encoding to copy filtered resources.
[INFO] skip non existing resourceDirectory /Users/zach/dev/zathomas-open-experiments/bundles/formauth/src/test/resources
[INFO] 
[INFO] --- maven-compiler-plugin:2.0.2:testCompile (default-testCompile) @ org.sakaiproject.nakamura.formauth ---
[INFO] Compiling 2 source files to /Users/zach/dev/zathomas-open-experiments/bundles/formauth/target/test-classes
[INFO] 
[INFO] --- maven-surefire-plugin:2.5:test (default-test) @ org.sakaiproject.nakamura.formauth ---
[INFO] Surefire report directory: /Users/zach/dev/zathomas-open-experiments/bundles/formauth/target/surefire-reports

-------------------------------------------------------
 T E S T S
-------------------------------------------------------
Running org.sakaiproject.nakamura.formauth.FormLoginServletTest
Tests run: 3, Failures: 0, Errors: 0, Skipped: 0, Time elapsed: 0.395 sec
Running org.sakaiproject.nakamura.formauth.FormAuthenticationHandlerTest
Tests run: 2, Failures: 0, Errors: 0, Skipped: 0, Time elapsed: 0.032 sec

Results :

Tests run: 5, Failures: 0, Errors: 0, Skipped: 0

[INFO] 
[INFO] --- maven-bundle-plugin:2.0.1:bundle (default-bundle) @ org.sakaiproject.nakamura.formauth ---
[INFO] 
[INFO] >>> maven-source-plugin:2.0.4:jar (attach-sources) @ org.sakaiproject.nakamura.formauth >>>
[INFO] 
[INFO] <<< maven-source-plugin:2.0.4:jar (attach-sources) @ org.sakaiproject.nakamura.formauth <<<
[INFO] 
[INFO] --- maven-source-plugin:2.0.4:jar (attach-sources) @ org.sakaiproject.nakamura.formauth ---
[INFO] Building jar: /Users/zach/dev/zathomas-open-experiments/bundles/formauth/target/org.sakaiproject.nakamura.formauth-1.0.0-sources.jar
[INFO] 
[INFO] --- ianal-maven-plugin:1.0-alpha-1:verify-legal-files (default) @ org.sakaiproject.nakamura.formauth ---
[INFO] Checking legal files in: org.sakaiproject.nakamura.formauth-1.0.0.jar
[INFO] Checking legal files in: org.sakaiproject.nakamura.formauth-1.0.0-sources.jar
[WARNING] Artifact does not contain any legal files: org.sakaiproject.nakamura.formauth-1.0.0-sources.jar
[INFO] 
[INFO] --- maven-install-plugin:2.3:install (default-install) @ org.sakaiproject.nakamura.formauth ---
[INFO] Installing /Users/zach/dev/zathomas-open-experiments/bundles/formauth/target/org.sakaiproject.nakamura.formauth-1.0.0.jar to /Users/zach/.m2/repository/org/sakaiproject/nakamura/org.sakaiproject.nakamura.formauth/1.0.0/org.sakaiproject.nakamura.formauth-1.0.0.jar
[INFO] Installing /Users/zach/dev/zathomas-open-experiments/bundles/formauth/pom.xml to /Users/zach/.m2/repository/org/sakaiproject/nakamura/org.sakaiproject.nakamura.formauth/1.0.0/org.sakaiproject.nakamura.formauth-1.0.0.pom
[INFO] Installing /Users/zach/dev/zathomas-open-experiments/bundles/formauth/target/org.sakaiproject.nakamura.formauth-1.0.0-sources.jar to /Users/zach/.m2/repository/org/sakaiproject/nakamura/org.sakaiproject.nakamura.formauth/1.0.0/org.sakaiproject.nakamura.formauth-1.0.0-sources.jar
[INFO] 
[INFO] --- maven-bundle-plugin:2.0.1:install (default-install) @ org.sakaiproject.nakamura.formauth ---
[INFO] Parsing file:/Users/zach/.m2/repository/repository.xml
[INFO] Installing org/sakaiproject/nakamura/org.sakaiproject.nakamura.formauth/1.0.0/org.sakaiproject.nakamura.formauth-1.0.0.jar
[INFO] Writing OBR metadata
[INFO]                                                                         
[INFO] ------------------------------------------------------------------------
[INFO] Building Sakai Nakamura :: User Extension Bundle 1.0.0
[INFO] ------------------------------------------------------------------------
[INFO] 
[INFO] --- maven-clean-plugin:2.4.1:clean (default-clean) @ org.sakaiproject.nakamura.user ---
[INFO] Deleting /Users/zach/dev/zathomas-open-experiments/bundles/user/target
[INFO] 
[INFO] --- maven-resources-plugin:2.4.1:resources (default-resources) @ org.sakaiproject.nakamura.user ---
[INFO] Using 'UTF-8' encoding to copy filtered resources.
[INFO] Copying 11 resources
[INFO] 
[INFO] --- maven-compiler-plugin:2.0.2:compile (default-compile) @ org.sakaiproject.nakamura.user ---
[INFO] Compiling 46 source files to /Users/zach/dev/zathomas-open-experiments/bundles/user/target/classes
[WARNING] /Users/zach/dev/zathomas-open-experiments/bundles/user/src/main/java/org/sakaiproject/nakamura/api/user/AuthorizableEventUtil.java:[21,41] [deprecation] org.sakaiproject.nakamura.api.user.AuthorizableEvent in org.sakaiproject.nakamura.api.user has been deprecated

[WARNING] /Users/zach/dev/zathomas-open-experiments/bundles/user/src/main/java/org/sakaiproject/nakamura/api/user/AuthorizableEventUtil.java:[21,41] [deprecation] org.sakaiproject.nakamura.api.user.AuthorizableEvent in org.sakaiproject.nakamura.api.user has been deprecated

[WARNING] /Users/zach/dev/zathomas-open-experiments/bundles/user/src/main/java/org/sakaiproject/nakamura/api/user/AuthorizableEventUtil.java:[22,45] [deprecation] org.sakaiproject.nakamura.user.servlet.GroupModification in org.sakaiproject.nakamura.user.servlet has been deprecated

[WARNING] /Users/zach/dev/zathomas-open-experiments/bundles/user/src/main/java/org/sakaiproject/nakamura/api/user/AuthorizableEventUtil.java:[23,45] [deprecation] org.sakaiproject.nakamura.user.servlet.UserModification in org.sakaiproject.nakamura.user.servlet has been deprecated

[INFO] 
[INFO] --- maven-scr-plugin:1.7.0:scr (generate-scr-scrdescriptor) @ org.sakaiproject.nakamura.user ---
[INFO] Generating 38 MetaType Descriptors to /Users/zach/dev/zathomas-open-experiments/bundles/user/target/scr-plugin-generated/OSGI-INF/metatype/metatype.xml
[INFO] Writing abstract service descriptor /Users/zach/dev/zathomas-open-experiments/bundles/user/target/scr-plugin-generated/OSGI-INF/scr-plugin/scrinfo.xml with 27 entries.
[INFO] Generating 23 Service Component Descriptors to /Users/zach/dev/zathomas-open-experiments/bundles/user/target/scr-plugin-generated/OSGI-INF/serviceComponents.xml
[INFO] 
[INFO] --- maven-resources-plugin:2.4.1:testResources (default-testResources) @ org.sakaiproject.nakamura.user ---
[INFO] Using 'UTF-8' encoding to copy filtered resources.
[INFO] skip non existing resourceDirectory /Users/zach/dev/zathomas-open-experiments/bundles/user/src/test/resources
[INFO] 
[INFO] --- maven-compiler-plugin:2.0.2:testCompile (default-testCompile) @ org.sakaiproject.nakamura.user ---
[INFO] Compiling 18 source files to /Users/zach/dev/zathomas-open-experiments/bundles/user/target/test-classes
[WARNING] /Users/zach/dev/zathomas-open-experiments/bundles/user/src/test/java/org/sakaiproject/nakamura/api/user/AuthorizableEventUtilTest.java:[28,41] [deprecation] org.sakaiproject.nakamura.api.user.AuthorizableEvent in org.sakaiproject.nakamura.api.user has been deprecated

[WARNING] /Users/zach/dev/zathomas-open-experiments/bundles/user/src/test/java/org/sakaiproject/nakamura/api/user/AuthorizableEventUtilTest.java:[28,41] [deprecation] org.sakaiproject.nakamura.api.user.AuthorizableEvent in org.sakaiproject.nakamura.api.user has been deprecated

[WARNING] /Users/zach/dev/zathomas-open-experiments/bundles/user/src/test/java/org/sakaiproject/nakamura/api/user/AuthorizableEventUtilTest.java:[30,45] [deprecation] org.sakaiproject.nakamura.user.servlet.GroupModification in org.sakaiproject.nakamura.user.servlet has been deprecated

[WARNING] /Users/zach/dev/zathomas-open-experiments/bundles/user/src/test/java/org/sakaiproject/nakamura/api/user/AuthorizableEventUtilTest.java:[31,45] [deprecation] org.sakaiproject.nakamura.user.servlet.UserModification in org.sakaiproject.nakamura.user.servlet has been deprecated

[WARNING] /Users/zach/dev/zathomas-open-experiments/bundles/user/src/test/java/org/sakaiproject/nakamura/api/user/AuthorizableEventUtilTest.java:[44,23] [deprecation] org.sakaiproject.nakamura.api.user.AuthorizableEventUtil in org.sakaiproject.nakamura.api.user has been deprecated

[WARNING] /Users/zach/dev/zathomas-open-experiments/bundles/user/src/test/java/org/sakaiproject/nakamura/api/user/AuthorizableEventUtilTest.java:[45,75] [deprecation] org.sakaiproject.nakamura.user.servlet.GroupModification in org.sakaiproject.nakamura.user.servlet has been deprecated

[WARNING] /Users/zach/dev/zathomas-open-experiments/bundles/user/src/test/java/org/sakaiproject/nakamura/api/user/AuthorizableEventUtilTest.java:[45,22] [deprecation] org.sakaiproject.nakamura.api.user.AuthorizableEventUtil in org.sakaiproject.nakamura.api.user has been deprecated

[WARNING] /Users/zach/dev/zathomas-open-experiments/bundles/user/src/test/java/org/sakaiproject/nakamura/api/user/AuthorizableEventUtilTest.java:[46,75] [deprecation] org.sakaiproject.nakamura.user.servlet.UserModification in org.sakaiproject.nakamura.user.servlet has been deprecated

[WARNING] /Users/zach/dev/zathomas-open-experiments/bundles/user/src/test/java/org/sakaiproject/nakamura/api/user/AuthorizableEventUtilTest.java:[46,22] [deprecation] org.sakaiproject.nakamura.api.user.AuthorizableEventUtil in org.sakaiproject.nakamura.api.user has been deprecated

[WARNING] /Users/zach/dev/zathomas-open-experiments/bundles/user/src/test/java/org/sakaiproject/nakamura/api/user/AuthorizableEventUtilTest.java:[51,94] [deprecation] org.sakaiproject.nakamura.user.servlet.UserModification in org.sakaiproject.nakamura.user.servlet has been deprecated

[WARNING] /Users/zach/dev/zathomas-open-experiments/bundles/user/src/test/java/org/sakaiproject/nakamura/api/user/AuthorizableEventUtilTest.java:[51,14] [deprecation] org.sakaiproject.nakamura.api.user.AuthorizableEventUtil in org.sakaiproject.nakamura.api.user has been deprecated

[WARNING] /Users/zach/dev/zathomas-open-experiments/bundles/user/src/test/java/org/sakaiproject/nakamura/api/user/AuthorizableEventUtilTest.java:[53,45] [deprecation] org.sakaiproject.nakamura.api.user.AuthorizableEvent in org.sakaiproject.nakamura.api.user has been deprecated

[WARNING] /Users/zach/dev/zathomas-open-experiments/bundles/user/src/test/java/org/sakaiproject/nakamura/api/user/AuthorizableEventUtilTest.java:[54,46] [deprecation] org.sakaiproject.nakamura.api.user.AuthorizableEvent in org.sakaiproject.nakamura.api.user has been deprecated

[WARNING] /Users/zach/dev/zathomas-open-experiments/bundles/user/src/test/java/org/sakaiproject/nakamura/api/user/AuthorizableEventUtilTest.java:[55,56] [deprecation] org.sakaiproject.nakamura.api.user.AuthorizableEvent in org.sakaiproject.nakamura.api.user has been deprecated

[WARNING] /Users/zach/dev/zathomas-open-experiments/bundles/user/src/test/java/org/sakaiproject/nakamura/api/user/AuthorizableEventUtilTest.java:[56,76] [deprecation] org.sakaiproject.nakamura.user.servlet.UserModification in org.sakaiproject.nakamura.user.servlet has been deprecated

[WARNING] /Users/zach/dev/zathomas-open-experiments/bundles/user/src/test/java/org/sakaiproject/nakamura/api/user/AuthorizableEventUtilTest.java:[56,8] [deprecation] org.sakaiproject.nakamura.api.user.AuthorizableEventUtil in org.sakaiproject.nakamura.api.user has been deprecated

[WARNING] /Users/zach/dev/zathomas-open-experiments/bundles/user/src/test/java/org/sakaiproject/nakamura/api/user/AuthorizableEventUtilTest.java:[58,45] [deprecation] org.sakaiproject.nakamura.api.user.AuthorizableEvent in org.sakaiproject.nakamura.api.user has been deprecated

[WARNING] /Users/zach/dev/zathomas-open-experiments/bundles/user/src/test/java/org/sakaiproject/nakamura/api/user/AuthorizableEventUtilTest.java:[59,46] [deprecation] org.sakaiproject.nakamura.api.user.AuthorizableEvent in org.sakaiproject.nakamura.api.user has been deprecated

[WARNING] /Users/zach/dev/zathomas-open-experiments/bundles/user/src/test/java/org/sakaiproject/nakamura/api/user/AuthorizableEventUtilTest.java:[60,44] [deprecation] org.sakaiproject.nakamura.api.user.AuthorizableEvent in org.sakaiproject.nakamura.api.user has been deprecated

[WARNING] /Users/zach/dev/zathomas-open-experiments/bundles/user/src/test/java/org/sakaiproject/nakamura/api/user/AuthorizableEventUtilTest.java:[66,4] [deprecation] org.sakaiproject.nakamura.user.servlet.GroupModification in org.sakaiproject.nakamura.user.servlet has been deprecated

[WARNING] /Users/zach/dev/zathomas-open-experiments/bundles/user/src/test/java/org/sakaiproject/nakamura/api/user/AuthorizableEventUtilTest.java:[66,31] [deprecation] org.sakaiproject.nakamura.user.servlet.GroupModification in org.sakaiproject.nakamura.user.servlet has been deprecated

[WARNING] /Users/zach/dev/zathomas-open-experiments/bundles/user/src/test/java/org/sakaiproject/nakamura/api/user/AuthorizableEventUtilTest.java:[71,4] [deprecation] org.sakaiproject.nakamura.api.user.AuthorizableEventUtil in org.sakaiproject.nakamura.api.user has been deprecated

[WARNING] /Users/zach/dev/zathomas-open-experiments/bundles/user/src/test/java/org/sakaiproject/nakamura/user/servlet/GroupModificationTest.java:[38,4] [deprecation] org.sakaiproject.nakamura.user.servlet.GroupModification in org.sakaiproject.nakamura.user.servlet has been deprecated

[WARNING] /Users/zach/dev/zathomas-open-experiments/bundles/user/src/test/java/org/sakaiproject/nakamura/user/servlet/GroupModificationTest.java:[38,28] [deprecation] org.sakaiproject.nakamura.user.servlet.GroupModification in org.sakaiproject.nakamura.user.servlet has been deprecated

[WARNING] /Users/zach/dev/zathomas-open-experiments/bundles/user/src/test/java/org/sakaiproject/nakamura/user/servlet/GroupModificationTest.java:[38,47] [deprecation] org.sakaiproject.nakamura.user.servlet.GroupModification in org.sakaiproject.nakamura.user.servlet has been deprecated

[WARNING] /Users/zach/dev/zathomas-open-experiments/bundles/user/src/test/java/org/sakaiproject/nakamura/user/servlet/GroupModificationTest.java:[51,4] [deprecation] org.sakaiproject.nakamura.user.servlet.GroupModification in org.sakaiproject.nakamura.user.servlet has been deprecated

[WARNING] /Users/zach/dev/zathomas-open-experiments/bundles/user/src/test/java/org/sakaiproject/nakamura/user/servlet/GroupModificationTest.java:[51,28] [deprecation] org.sakaiproject.nakamura.user.servlet.GroupModification in org.sakaiproject.nakamura.user.servlet has been deprecated

[WARNING] /Users/zach/dev/zathomas-open-experiments/bundles/user/src/test/java/org/sakaiproject/nakamura/user/servlet/GroupModificationTest.java:[51,47] [deprecation] org.sakaiproject.nakamura.user.servlet.GroupModification in org.sakaiproject.nakamura.user.servlet has been deprecated

[WARNING] /Users/zach/dev/zathomas-open-experiments/bundles/user/src/test/java/org/sakaiproject/nakamura/user/servlet/UserModificationTest.java:[39,4] [deprecation] org.sakaiproject.nakamura.user.servlet.UserModification in org.sakaiproject.nakamura.user.servlet has been deprecated

[WARNING] /Users/zach/dev/zathomas-open-experiments/bundles/user/src/test/java/org/sakaiproject/nakamura/user/servlet/UserModificationTest.java:[39,27] [deprecation] org.sakaiproject.nakamura.user.servlet.UserModification in org.sakaiproject.nakamura.user.servlet has been deprecated

[WARNING] /Users/zach/dev/zathomas-open-experiments/bundles/user/src/test/java/org/sakaiproject/nakamura/user/servlet/UserModificationTest.java:[39,45] [deprecation] org.sakaiproject.nakamura.user.servlet.UserModification in org.sakaiproject.nakamura.user.servlet has been deprecated

[WARNING] /Users/zach/dev/zathomas-open-experiments/bundles/user/src/test/java/org/sakaiproject/nakamura/user/servlet/UserModificationTest.java:[53,4] [deprecation] org.sakaiproject.nakamura.user.servlet.UserModification in org.sakaiproject.nakamura.user.servlet has been deprecated

[WARNING] /Users/zach/dev/zathomas-open-experiments/bundles/user/src/test/java/org/sakaiproject/nakamura/user/servlet/UserModificationTest.java:[53,27] [deprecation] org.sakaiproject.nakamura.user.servlet.UserModification in org.sakaiproject.nakamura.user.servlet has been deprecated

[WARNING] /Users/zach/dev/zathomas-open-experiments/bundles/user/src/test/java/org/sakaiproject/nakamura/user/servlet/UserModificationTest.java:[53,45] [deprecation] org.sakaiproject.nakamura.user.servlet.UserModification in org.sakaiproject.nakamura.user.servlet has been deprecated

[INFO] 
[INFO] --- maven-surefire-plugin:2.5:test (default-test) @ org.sakaiproject.nakamura.user ---
[INFO] Surefire report directory: /Users/zach/dev/zathomas-open-experiments/bundles/user/target/surefire-reports

-------------------------------------------------------
 T E S T S
-------------------------------------------------------
Running org.sakaiproject.nakamura.user.lite.servlet.LiteCreateSakaiUserServletTest
Tests run: 5, Failures: 0, Errors: 0, Skipped: 0, Time elapsed: 0.594 sec
Running org.sakaiproject.nakamura.user.lite.servlet.LiteDeleteSakaiAuthorizableServletTest
Tests run: 1, Failures: 0, Errors: 0, Skipped: 0, Time elapsed: 0.023 sec
Running org.sakaiproject.nakamura.user.servlet.UserModificationTest
Tests run: 2, Failures: 0, Errors: 0, Skipped: 0, Time elapsed: 0.052 sec
Running org.sakaiproject.nakamura.user.lite.servlet.LiteChangeSakaiUserPasswordServletTest
Tests run: 1, Failures: 0, Errors: 0, Skipped: 0, Time elapsed: 0.041 sec
Running org.sakaiproject.nakamura.user.search.AuthorizableIndexingHandlerTest
Tests run: 4, Failures: 0, Errors: 0, Skipped: 0, Time elapsed: 0.065 sec
Running org.sakaiproject.nakamura.user.lite.servlet.LiteUserExistsServletTest
Tests run: 1, Failures: 0, Errors: 0, Skipped: 0, Time elapsed: 0.017 sec
Running org.sakaiproject.nakamura.user.lite.servlet.LiteGroupGetServletTest
Tests run: 4, Failures: 0, Errors: 0, Skipped: 0, Time elapsed: 0.043 sec
Running org.sakaiproject.nakamura.user.BasicUserInfoServiceTest
Tests run: 1, Failures: 0, Errors: 0, Skipped: 0, Time elapsed: 0.066 sec
Running org.sakaiproject.nakamura.user.lite.servlet.LiteAbstractSakaiGroupPostServletTest
Tests run: 4, Failures: 0, Errors: 0, Skipped: 0, Time elapsed: 0.032 sec
Running org.sakaiproject.nakamura.api.user.AuthorizableEventUtilTest
Tests run: 3, Failures: 0, Errors: 0, Skipped: 0, Time elapsed: 0.014 sec
Running org.sakaiproject.nakamura.user.lite.servlet.LiteCreateSakaiGroupServletTest
Tests run: 4, Failures: 0, Errors: 0, Skipped: 0, Time elapsed: 0.035 sec
Running org.sakaiproject.nakamura.user.servlet.GroupModificationTest
Tests run: 2, Failures: 0, Errors: 0, Skipped: 0, Time elapsed: 0.006 sec
Running org.sakaiproject.nakamura.user.lite.servlet.LiteUpdateSakaiGroupServletTest
Tests run: 1, Failures: 0, Errors: 0, Skipped: 0, Time elapsed: 0.019 sec
Running org.sakaiproject.nakamura.user.lite.resource.LiteAuthorizableResourceProviderTest
Tests run: 9, Failures: 0, Errors: 0, Skipped: 0, Time elapsed: 0.043 sec
Running org.sakaiproject.nakamura.user.postprocessors.DefaultPostProcessorTest
Tests run: 1, Failures: 0, Errors: 0, Skipped: 0, Time elapsed: 0.043 sec
Running org.sakaiproject.nakamura.user.lite.resource.LiteSakaiAuthorizableResourceTest
Tests run: 1, Failures: 0, Errors: 0, Skipped: 0, Time elapsed: 0.006 sec
Running org.sakaiproject.nakamura.user.NameSanitizerTest
Tests run: 5, Failures: 0, Errors: 0, Skipped: 0, Time elapsed: 0.009 sec

Results :

Tests run: 49, Failures: 0, Errors: 0, Skipped: 0

[INFO] 
[INFO] --- maven-bundle-plugin:2.0.1:bundle (default-bundle) @ org.sakaiproject.nakamura.user ---
[INFO] 
[INFO] >>> maven-source-plugin:2.0.4:jar (attach-sources) @ org.sakaiproject.nakamura.user >>>
[INFO] 
[INFO] <<< maven-source-plugin:2.0.4:jar (attach-sources) @ org.sakaiproject.nakamura.user <<<
[INFO] 
[INFO] --- maven-source-plugin:2.0.4:jar (attach-sources) @ org.sakaiproject.nakamura.user ---
[INFO] Building jar: /Users/zach/dev/zathomas-open-experiments/bundles/user/target/org.sakaiproject.nakamura.user-1.0.0-sources.jar
[INFO] 
[INFO] --- ianal-maven-plugin:1.0-alpha-1:verify-legal-files (default) @ org.sakaiproject.nakamura.user ---
[INFO] Checking legal files in: org.sakaiproject.nakamura.user-1.0.0.jar
[INFO] Checking legal files in: org.sakaiproject.nakamura.user-1.0.0-sources.jar
[WARNING] Artifact does not contain any legal files: org.sakaiproject.nakamura.user-1.0.0-sources.jar
[INFO] 
[INFO] --- maven-install-plugin:2.3:install (default-install) @ org.sakaiproject.nakamura.user ---
[INFO] Installing /Users/zach/dev/zathomas-open-experiments/bundles/user/target/org.sakaiproject.nakamura.user-1.0.0.jar to /Users/zach/.m2/repository/org/sakaiproject/nakamura/org.sakaiproject.nakamura.user/1.0.0/org.sakaiproject.nakamura.user-1.0.0.jar
[INFO] Installing /Users/zach/dev/zathomas-open-experiments/bundles/user/pom.xml to /Users/zach/.m2/repository/org/sakaiproject/nakamura/org.sakaiproject.nakamura.user/1.0.0/org.sakaiproject.nakamura.user-1.0.0.pom
[INFO] Installing /Users/zach/dev/zathomas-open-experiments/bundles/user/target/org.sakaiproject.nakamura.user-1.0.0-sources.jar to /Users/zach/.m2/repository/org/sakaiproject/nakamura/org.sakaiproject.nakamura.user/1.0.0/org.sakaiproject.nakamura.user-1.0.0-sources.jar
[INFO] 
[INFO] --- maven-bundle-plugin:2.0.1:install (default-install) @ org.sakaiproject.nakamura.user ---
[INFO] Parsing file:/Users/zach/.m2/repository/repository.xml
[INFO] Installing org/sakaiproject/nakamura/org.sakaiproject.nakamura.user/1.0.0/org.sakaiproject.nakamura.user-1.0.0.jar
[INFO] Writing OBR metadata
[INFO]                                                                         
[INFO] ------------------------------------------------------------------------
[INFO] Building Sakai Nakamura :: Security Loader Bundle 1.0.0
[INFO] ------------------------------------------------------------------------
[INFO] 
[INFO] --- maven-clean-plugin:2.4.1:clean (default-clean) @ org.sakaiproject.nakamura.securityloader ---
[INFO] Deleting /Users/zach/dev/zathomas-open-experiments/bundles/securityloader/target
[INFO] 
[INFO] --- maven-resources-plugin:2.4.1:resources (default-resources) @ org.sakaiproject.nakamura.securityloader ---
[INFO] Using 'UTF-8' encoding to copy filtered resources.
[INFO] Copying 2 resources
[INFO] 
[INFO] --- maven-compiler-plugin:2.0.2:compile (default-compile) @ org.sakaiproject.nakamura.securityloader ---
[INFO] Compiling 4 source files to /Users/zach/dev/zathomas-open-experiments/bundles/securityloader/target/classes
[WARNING] /Users/zach/dev/zathomas-open-experiments/bundles/securityloader/src/main/java/org/sakaiproject/nakamura/securityloader/Loader.java:[33,41] [deprecation] org.sakaiproject.nakamura.api.user.AuthorizableEvent in org.sakaiproject.nakamura.api.user has been deprecated

[WARNING] /Users/zach/dev/zathomas-open-experiments/bundles/securityloader/src/main/java/org/sakaiproject/nakamura/securityloader/Loader.java:[33,41] [deprecation] org.sakaiproject.nakamura.api.user.AuthorizableEvent in org.sakaiproject.nakamura.api.user has been deprecated

[WARNING] /Users/zach/dev/zathomas-open-experiments/bundles/securityloader/src/main/java/org/sakaiproject/nakamura/securityloader/SecurityLoaderService.java:[35,41] [deprecation] org.sakaiproject.nakamura.api.user.AuthorizableEvent in org.sakaiproject.nakamura.api.user has been deprecated

[WARNING] /Users/zach/dev/zathomas-open-experiments/bundles/securityloader/src/main/java/org/sakaiproject/nakamura/securityloader/SecurityLoaderService.java:[35,41] [deprecation] org.sakaiproject.nakamura.api.user.AuthorizableEvent in org.sakaiproject.nakamura.api.user has been deprecated

[WARNING] /Users/zach/dev/zathomas-open-experiments/bundles/securityloader/src/main/java/org/sakaiproject/nakamura/securityloader/SecurityLoaderService.java:[36,41] [deprecation] org.sakaiproject.nakamura.api.user.AuthorizableEventUtil in org.sakaiproject.nakamura.api.user has been deprecated

[WARNING] /Users/zach/dev/zathomas-open-experiments/bundles/securityloader/src/main/java/org/sakaiproject/nakamura/securityloader/SecurityLoaderService.java:[369,27] [deprecation] org.sakaiproject.nakamura.api.user.AuthorizableEventUtil in org.sakaiproject.nakamura.api.user has been deprecated

[INFO] 
[INFO] --- maven-scr-plugin:1.7.0:scr (generate-scr-scrdescriptor) @ org.sakaiproject.nakamura.securityloader ---
[INFO] Generating 2 MetaType Descriptors to /Users/zach/dev/zathomas-open-experiments/bundles/securityloader/target/scr-plugin-generated/OSGI-INF/metatype/metatype.xml
[INFO] Writing abstract service descriptor /Users/zach/dev/zathomas-open-experiments/bundles/securityloader/target/scr-plugin-generated/OSGI-INF/scr-plugin/scrinfo.xml with 1 entries.
[INFO] Generating 1 Service Component Descriptors to /Users/zach/dev/zathomas-open-experiments/bundles/securityloader/target/scr-plugin-generated/OSGI-INF/serviceComponents.xml
[INFO] 
[INFO] --- maven-resources-plugin:2.4.1:testResources (default-testResources) @ org.sakaiproject.nakamura.securityloader ---
[INFO] Using 'UTF-8' encoding to copy filtered resources.
[INFO] Copying 1 resource
[INFO] 
[INFO] --- maven-compiler-plugin:2.0.2:testCompile (default-testCompile) @ org.sakaiproject.nakamura.securityloader ---
[INFO] Compiling 3 source files to /Users/zach/dev/zathomas-open-experiments/bundles/securityloader/target/test-classes
[INFO] 
[INFO] --- maven-surefire-plugin:2.5:test (default-test) @ org.sakaiproject.nakamura.securityloader ---
[INFO] Surefire report directory: /Users/zach/dev/zathomas-open-experiments/bundles/securityloader/target/surefire-reports

-------------------------------------------------------
 T E S T S
-------------------------------------------------------
Running org.sakaiproject.nakamura.securityloader.SecurityLoaderServiceTest
Tests run: 1, Failures: 0, Errors: 0, Skipped: 0, Time elapsed: 0.444 sec
Running org.sakaiproject.nakamura.securityloader.PathEntryTest
Tests run: 5, Failures: 0, Errors: 0, Skipped: 0, Time elapsed: 0.042 sec
Running org.sakaiproject.nakamura.securityloader.LoaderTest
Tests run: 2, Failures: 0, Errors: 0, Skipped: 0, Time elapsed: 0.101 sec

Results :

Tests run: 8, Failures: 0, Errors: 0, Skipped: 0

[INFO] 
[INFO] --- maven-bundle-plugin:2.0.1:bundle (default-bundle) @ org.sakaiproject.nakamura.securityloader ---
[INFO] 
[INFO] >>> maven-source-plugin:2.0.4:jar (attach-sources) @ org.sakaiproject.nakamura.securityloader >>>
[INFO] 
[INFO] <<< maven-source-plugin:2.0.4:jar (attach-sources) @ org.sakaiproject.nakamura.securityloader <<<
[INFO] 
[INFO] --- maven-source-plugin:2.0.4:jar (attach-sources) @ org.sakaiproject.nakamura.securityloader ---
[INFO] Building jar: /Users/zach/dev/zathomas-open-experiments/bundles/securityloader/target/org.sakaiproject.nakamura.securityloader-1.0.0-sources.jar
[INFO] 
[INFO] --- ianal-maven-plugin:1.0-alpha-1:verify-legal-files (default) @ org.sakaiproject.nakamura.securityloader ---
[INFO] Checking legal files in: org.sakaiproject.nakamura.securityloader-1.0.0.jar
[INFO] Checking legal files in: org.sakaiproject.nakamura.securityloader-1.0.0-sources.jar
[WARNING] Artifact does not contain any legal files: org.sakaiproject.nakamura.securityloader-1.0.0-sources.jar
[INFO] 
[INFO] --- maven-install-plugin:2.3:install (default-install) @ org.sakaiproject.nakamura.securityloader ---
[INFO] Installing /Users/zach/dev/zathomas-open-experiments/bundles/securityloader/target/org.sakaiproject.nakamura.securityloader-1.0.0.jar to /Users/zach/.m2/repository/org/sakaiproject/nakamura/org.sakaiproject.nakamura.securityloader/1.0.0/org.sakaiproject.nakamura.securityloader-1.0.0.jar
[INFO] Installing /Users/zach/dev/zathomas-open-experiments/bundles/securityloader/pom.xml to /Users/zach/.m2/repository/org/sakaiproject/nakamura/org.sakaiproject.nakamura.securityloader/1.0.0/org.sakaiproject.nakamura.securityloader-1.0.0.pom
[INFO] Installing /Users/zach/dev/zathomas-open-experiments/bundles/securityloader/target/org.sakaiproject.nakamura.securityloader-1.0.0-sources.jar to /Users/zach/.m2/repository/org/sakaiproject/nakamura/org.sakaiproject.nakamura.securityloader/1.0.0/org.sakaiproject.nakamura.securityloader-1.0.0-sources.jar
[INFO] 
[INFO] --- maven-bundle-plugin:2.0.1:install (default-install) @ org.sakaiproject.nakamura.securityloader ---
[INFO] Parsing file:/Users/zach/.m2/repository/repository.xml
[INFO] Installing org/sakaiproject/nakamura/org.sakaiproject.nakamura.securityloader/1.0.0/org.sakaiproject.nakamura.securityloader-1.0.0.jar
[INFO] Writing OBR metadata
[INFO]                                                                         
[INFO] ------------------------------------------------------------------------
[INFO] Building Sakai Nakamura :: JCR Bundle 1.0.0
[INFO] ------------------------------------------------------------------------
[INFO] 
[INFO] --- maven-clean-plugin:2.4.1:clean (default-clean) @ org.sakaiproject.nakamura.jcr ---
[INFO] Deleting /Users/zach/dev/zathomas-open-experiments/bundles/jcr/target
[INFO] 
[INFO] --- maven-resources-plugin:2.4.1:resources (default-resources) @ org.sakaiproject.nakamura.jcr ---
[INFO] Using 'UTF-8' encoding to copy filtered resources.
[INFO] Copying 3 resources
[INFO] 
[INFO] --- maven-compiler-plugin:2.0.2:compile (default-compile) @ org.sakaiproject.nakamura.jcr ---
[INFO] Compiling 1 source file to /Users/zach/dev/zathomas-open-experiments/bundles/jcr/target/classes
[INFO] 
[INFO] --- maven-scr-plugin:1.7.0:scr (generate-scr-scrdescriptor) @ org.sakaiproject.nakamura.jcr ---
[INFO] 
[INFO] --- maven-resources-plugin:2.4.1:testResources (default-testResources) @ org.sakaiproject.nakamura.jcr ---
[INFO] Using 'UTF-8' encoding to copy filtered resources.
[INFO] skip non existing resourceDirectory /Users/zach/dev/zathomas-open-experiments/bundles/jcr/src/test/resources
[INFO] 
[INFO] --- maven-compiler-plugin:2.0.2:testCompile (default-testCompile) @ org.sakaiproject.nakamura.jcr ---
[INFO] No sources to compile
[INFO] 
[INFO] --- maven-surefire-plugin:2.5:test (default-test) @ org.sakaiproject.nakamura.jcr ---
[INFO] No tests to run.
[INFO] 
[INFO] --- maven-bundle-plugin:2.0.1:bundle (default-bundle) @ org.sakaiproject.nakamura.jcr ---
[INFO] 
[INFO] >>> maven-source-plugin:2.0.4:jar (attach-sources) @ org.sakaiproject.nakamura.jcr >>>
[INFO] 
[INFO] <<< maven-source-plugin:2.0.4:jar (attach-sources) @ org.sakaiproject.nakamura.jcr <<<
[INFO] 
[INFO] --- maven-source-plugin:2.0.4:jar (attach-sources) @ org.sakaiproject.nakamura.jcr ---
[INFO] Building jar: /Users/zach/dev/zathomas-open-experiments/bundles/jcr/target/org.sakaiproject.nakamura.jcr-1.0.0-sources.jar
[INFO] 
[INFO] --- ianal-maven-plugin:1.0-alpha-1:verify-legal-files (default) @ org.sakaiproject.nakamura.jcr ---
[INFO] Checking legal files in: org.sakaiproject.nakamura.jcr-1.0.0.jar
[INFO] Checking legal files in: org.sakaiproject.nakamura.jcr-1.0.0-sources.jar
[WARNING] Artifact does not contain any legal files: org.sakaiproject.nakamura.jcr-1.0.0-sources.jar
[INFO] 
[INFO] --- maven-install-plugin:2.3:install (default-install) @ org.sakaiproject.nakamura.jcr ---
[INFO] Installing /Users/zach/dev/zathomas-open-experiments/bundles/jcr/target/org.sakaiproject.nakamura.jcr-1.0.0.jar to /Users/zach/.m2/repository/org/sakaiproject/nakamura/org.sakaiproject.nakamura.jcr/1.0.0/org.sakaiproject.nakamura.jcr-1.0.0.jar
[INFO] Installing /Users/zach/dev/zathomas-open-experiments/bundles/jcr/pom.xml to /Users/zach/.m2/repository/org/sakaiproject/nakamura/org.sakaiproject.nakamura.jcr/1.0.0/org.sakaiproject.nakamura.jcr-1.0.0.pom
[INFO] Installing /Users/zach/dev/zathomas-open-experiments/bundles/jcr/target/org.sakaiproject.nakamura.jcr-1.0.0-sources.jar to /Users/zach/.m2/repository/org/sakaiproject/nakamura/org.sakaiproject.nakamura.jcr/1.0.0/org.sakaiproject.nakamura.jcr-1.0.0-sources.jar
[INFO] 
[INFO] --- maven-bundle-plugin:2.0.1:install (default-install) @ org.sakaiproject.nakamura.jcr ---
[INFO] Parsing file:/Users/zach/.m2/repository/repository.xml
[INFO] Installing org/sakaiproject/nakamura/org.sakaiproject.nakamura.jcr/1.0.0/org.sakaiproject.nakamura.jcr-1.0.0.jar
[INFO] Writing OBR metadata
[INFO]                                                                         
[INFO] ------------------------------------------------------------------------
[INFO] Building Sakai Nakamura :: Http Bundle 1.0.0
[INFO] ------------------------------------------------------------------------
Downloading: http://repo1.maven.org/maven2/org/apache/sling/org.apache.sling.commons.json/2.0.5-20110811/org.apache.sling.commons.json-2.0.5-20110811.pom
Downloading: http://source.sakaiproject.org/maven2/org/apache/sling/org.apache.sling.commons.json/2.0.5-20110811/org.apache.sling.commons.json-2.0.5-20110811.pom
[WARNING] The POM for org.apache.sling:org.apache.sling.commons.json:jar:2.0.5-20110811 is missing, no dependency information available
Downloading: http://repo1.maven.org/maven2/org/apache/sling/org.apache.sling.commons.json/2.0.5-20110811/org.apache.sling.commons.json-2.0.5-20110811.jar
Downloading: http://source.sakaiproject.org/maven2/org/apache/sling/org.apache.sling.commons.json/2.0.5-20110811/org.apache.sling.commons.json-2.0.5-20110811.jar
[INFO] ------------------------------------------------------------------------
[INFO] Reactor Summary:
[INFO] 
[INFO] Sakai Nakamura Project ............................ SUCCESS [1.420s]
[INFO] Sakai Nakamura :: Utilities ....................... SUCCESS [12.069s]
[INFO] Sakai Nakamura :: Test Utilities .................. SUCCESS [2.650s]
[INFO] Sakai Nakamura :: Memory Bundle ................... SUCCESS [6.123s]
[INFO] Sakai Nakamura :: Tika Bundle ..................... SUCCESS [7.844s]
[INFO] Sakai Nakamura :: Server Extension Bundle ......... SUCCESS [14.186s]
[INFO] Sakai Nakamura :: Sling Resource Extension Bundle . SUCCESS [5.161s]
[INFO] Sakai Nakamura :: Documentation Support bundle .... SUCCESS [17.719s]
[INFO] Sakai Nakamura :: proxy service ................... SUCCESS [8.136s]
[INFO] Sakai Nakamura :: Jetty Configuration ............. SUCCESS [2.613s]
[INFO] Sakai Nakamura :: ActiveMQ Bundle ................. SUCCESS [9.022s]
[INFO] Sakai Nakamura :: Sakai Cluster Tracking .......... SUCCESS [24.099s]
[INFO] Sakai Nakamura :: Trusted Authentication Bundle ... SUCCESS [7.088s]
[INFO] Sakai Nakamura :: Form Auth Bundle ................ SUCCESS [4.896s]
[INFO] Sakai Nakamura :: User Extension Bundle ........... SUCCESS [9.774s]
[INFO] Sakai Nakamura :: Security Loader Bundle .......... SUCCESS [4.015s]
[INFO] Sakai Nakamura :: JCR Bundle ...................... SUCCESS [1.004s]
[INFO] Sakai Nakamura :: Http Bundle ..................... FAILURE [1.167s]
[INFO] Sakai Nakamura :: Personal Space Bundle ........... SKIPPED
[INFO] Sakai Nakamura :: Profile Bundle .................. SKIPPED
[INFO] Sakai Nakamura :: Templates Bundle ................ SKIPPED
[INFO] Sakai Nakamura :: Search Support Bundle ........... SKIPPED
[INFO] Sakai Nakamura :: Locking Bundle .................. SKIPPED
[INFO] Sakai Nakamura :: Connections Management Bundle ... SKIPPED
[INFO] Sakai Nakamura :: Version Extension Bundle ........ SKIPPED
[INFO] Sakai Nakamura :: JAXP API Bundle ................. SKIPPED
[INFO] Sakai Nakamura :: Files Bundle .................... SKIPPED
[INFO] Sakai Nakamura :: Presence Bundle ................. SKIPPED
[INFO] Sakai Nakamura :: Messaging Bundle ................ SKIPPED
[INFO] Sakai Nakamura :: Me Service Bundle ............... SKIPPED
[INFO] Sakai Nakamura :: image service ................... SKIPPED
[INFO] Sakai Nakamura :: Discussion Management Bundle .... SKIPPED
[INFO] Sakai Nakamura :: SMTP Server ..................... SKIPPED
[INFO] Sakai Nakamura :: OSGi-to-JMS Events Bridge Bundle  SKIPPED
[INFO] Sakai Nakamura :: Batch Bundle .................... SKIPPED
[INFO] Sakai Nakamura :: Javax Activation and Mail Bundle  SKIPPED
[INFO] Sakai Nakamura :: Outgoing Email Sender ........... SKIPPED
[INFO] Sakai Nakamura :: Apache Commons HTTPClient bundle  SKIPPED
[INFO] Sakai Nakamura :: Activity Bundle ................. SKIPPED
[INFO] Sakai Nakamura :: Chat services bundle ............ SKIPPED
[INFO] Sakai Nakamura :: Document Proxy .................. SKIPPED
[INFO] Sakai Nakamura :: Google Collections .............. SKIPPED
[INFO] Sakai Nakamura :: Woodstox/StAX ................... SKIPPED
[INFO] Sakai Nakamura :: Calendar based events bundle .... SKIPPED
[INFO] Sakai Nakamura :: Authorization Bundle ............ SKIPPED
[INFO] Sakai Nakamura :: Basic LTI Consumer bundle ....... SKIPPED
[INFO] Sakai Nakamura :: Captcha Bundle .................. SKIPPED
[INFO] Sakai Nakamura :: Pages Structured Content ........ SKIPPED
[INFO] Sakai Nakamura :: Model Directory ................. SKIPPED
[INFO] Sakai Nakamura :: World Support ................... SKIPPED
[INFO] Sakai Nakamura :: Test Scripts .................... SKIPPED
[INFO] Sakai Nakamura :: Launchpad Standalone Java Application  SKIPPED
[INFO] ------------------------------------------------------------------------
[INFO] BUILD FAILURE
[INFO] ------------------------------------------------------------------------
[INFO] Total time: 2:21.552s
[INFO] Finished at: Thu Aug 11 13:05:42 CDT 2011
[INFO] Final Memory: 31M/265M
[INFO] ------------------------------------------------------------------------
[ERROR] Failed to execute goal on project org.sakaiproject.nakamura.http: Could not resolve dependencies for project org.sakaiproject.nakamura:org.sakaiproject.nakamura.http:bundle:1.0.0: Could not find artifact org.apache.sling:org.apache.sling.commons.json:jar:2.0.5-20110811 in maven repo (http://repo1.maven.org/maven2/) -> [Help 1]
[ERROR]
[ERROR] To see the full stack trace of the errors, re-run Maven with the -e switch.
[ERROR] Re-run Maven using the -X switch to enable full debug logging.
[ERROR]
[ERROR] For more information about the errors and possible solutions, please read the following articles:
[ERROR] [Help 1] http://cwiki.apache.org/confluence/display/MAVEN/DependencyResolutionException
[ERROR]
[ERROR] After correcting the problems, you can resume the build with the command
[ERROR]   mvn <goals> -rf :org.sakaiproject.nakamura.http
